<?xml version="1.0" encoding="UTF-8"?>
<testng-results ignored="0" total="1" passed="1" failed="0" skipped="0">
  <reporter-output>
  </reporter-output>
  <suite started-at="2023-09-29T10:03:44Z" name="Molecules" finished-at="2023-09-29T10:15:23Z" duration-ms="699251">
    <groups>
      <group name="cucumber">
        <method signature="AbstractTestNGCucumberTests.runScenario(cucumber.api.testng.PickleEventWrapper, cucumber.api.testng.CucumberFeatureWrapper)[pri:0, instance:com.leaftaps.testcases.Netmeds_MEROPENEM1GM@1b1cfb87]" name="runScenario" class="cucumber.api.testng.AbstractTestNGCucumberTests"/>
      </group> <!-- cucumber -->
    </groups>
    <test started-at="2023-09-29T10:03:44Z" name="OneMG" finished-at="2023-09-29T10:15:23Z" duration-ms="699251">
      <class name="com.leaftaps.testcases.Netmeds_MEROPENEM1GM">
        <test-method is-config="true" signature="startReport()[pri:0, instance:com.leaftaps.testcases.Netmeds_MEROPENEM1GM@1b1cfb87]" started-at="2023-09-29T15:33:43Z" name="startReport" finished-at="2023-09-29T15:33:44Z" duration-ms="142" status="PASS">
          <reporter-output>
          </reporter-output>
        </test-method> <!-- startReport -->
        <test-method is-config="true" signature="setValues()[pri:0, instance:com.leaftaps.testcases.Netmeds_MEROPENEM1GM@1b1cfb87]" started-at="2023-09-29T15:33:44Z" name="setValues" finished-at="2023-09-29T15:33:44Z" duration-ms="0" status="PASS">
          <reporter-output>
          </reporter-output>
        </test-method> <!-- setValues -->
        <test-method is-config="true" signature="setUpClass()[pri:0, instance:com.leaftaps.testcases.Netmeds_MEROPENEM1GM@1b1cfb87]" started-at="2023-09-29T15:33:44Z" name="setUpClass" finished-at="2023-09-29T15:33:44Z" duration-ms="85" status="PASS">
          <reporter-output>
          </reporter-output>
        </test-method> <!-- setUpClass -->
        <test-method is-config="true" signature="startTestCase()[pri:0, instance:com.leaftaps.testcases.Netmeds_MEROPENEM1GM@1b1cfb87]" started-at="2023-09-29T15:33:44Z" name="startTestCase" finished-at="2023-09-29T15:33:44Z" duration-ms="5" status="PASS">
          <reporter-output>
          </reporter-output>
        </test-method> <!-- startTestCase -->
        <test-method is-config="true" signature="preCondition(java.lang.String)[pri:0, instance:com.leaftaps.testcases.Netmeds_MEROPENEM1GM@1b1cfb87]" started-at="2023-09-29T15:33:44Z" name="preCondition" finished-at="2023-09-29T15:34:00Z" duration-ms="16101" status="PASS">
          <params>
            <param index="0">
              <value>
                <![CDATA[https://www.netmeds.com/]]>
              </value>
            </param>
          </params>
          <reporter-output>
          </reporter-output>
        </test-method> <!-- preCondition -->
        <test-method signature="runTests()[pri:0, instance:com.leaftaps.testcases.Netmeds_MEROPENEM1GM@1b1cfb87]" started-at="2023-09-29T15:34:00Z" name="runTests" finished-at="2023-09-29T15:45:18Z" duration-ms="677642" status="PASS">
          <reporter-output>
          </reporter-output>
        </test-method> <!-- runTests -->
        <test-method is-config="true" signature="postCondition()[pri:0, instance:com.leaftaps.testcases.Netmeds_MEROPENEM1GM@1b1cfb87]" started-at="2023-09-29T15:45:18Z" name="postCondition" finished-at="2023-09-29T15:45:23Z" duration-ms="5120" status="PASS">
          <reporter-output>
          </reporter-output>
        </test-method> <!-- postCondition -->
        <test-method is-config="true" signature="updateResult()[pri:0, instance:com.leaftaps.testcases.Netmeds_MEROPENEM1GM@1b1cfb87]" started-at="2023-09-29T15:45:23Z" name="updateResult" finished-at="2023-09-29T15:45:23Z" duration-ms="247" status="PASS">
          <reporter-output>
          </reporter-output>
        </test-method> <!-- updateResult -->
        <test-method is-config="true" signature="tearDownClass()[pri:0, instance:com.leaftaps.testcases.Netmeds_MEROPENEM1GM@1b1cfb87]" started-at="2023-09-29T15:45:23Z" name="tearDownClass" finished-at="2023-09-29T15:45:23Z" duration-ms="2" status="PASS">
          <reporter-output>
          </reporter-output>
        </test-method> <!-- tearDownClass -->
        <test-method is-config="true" signature="endResult()[pri:0, instance:com.leaftaps.testcases.Netmeds_MEROPENEM1GM@1b1cfb87]" started-at="2023-09-29T15:45:23Z" name="endResult" finished-at="2023-09-29T15:45:23Z" duration-ms="55" status="PASS">
          <reporter-output>
          </reporter-output>
        </test-method> <!-- endResult -->
      </class> <!-- com.leaftaps.testcases.Netmeds_MEROPENEM1GM -->
    </test> <!-- OneMG -->
  </suite> <!-- Molecules -->
</testng-results>
