<?xml version="1.0" encoding="UTF-8"?>
<testng-results ignored="6" total="10" passed="3" failed="1" skipped="0">
  <reporter-output>
  </reporter-output>
  <suite started-at="2023-09-26T12:27:14Z" name="Molecules" finished-at="2023-09-26T12:52:13Z" duration-ms="1499270">
    <groups>
      <group name="cucumber">
        <method signature="AbstractTestNGCucumberTests.runScenario(cucumber.api.testng.PickleEventWrapper, cucumber.api.testng.CucumberFeatureWrapper)[pri:0, instance:com.leaftaps.testcases.OneMg_CLINDAMYCIN600MG@7857fe2]" name="runScenario" class="cucumber.api.testng.AbstractTestNGCucumberTests"/>
        <method signature="AbstractTestNGCucumberTests.runScenario(cucumber.api.testng.PickleEventWrapper, cucumber.api.testng.CucumberFeatureWrapper)[pri:0, instance:com.leaftaps.testcases.OneMg_DOXYCYCLINE_100MG@1be2019a]" name="runScenario" class="cucumber.api.testng.AbstractTestNGCucumberTests"/>
        <method signature="AbstractTestNGCucumberTests.runScenario(cucumber.api.testng.PickleEventWrapper, cucumber.api.testng.CucumberFeatureWrapper)[pri:0, instance:com.leaftaps.testcases.OneMg_LINEZOLID_600MG300ML@29d80d2b]" name="runScenario" class="cucumber.api.testng.AbstractTestNGCucumberTests"/>
        <method signature="AbstractTestNGCucumberTests.runScenario(cucumber.api.testng.PickleEventWrapper, cucumber.api.testng.CucumberFeatureWrapper)[pri:0, instance:com.leaftaps.testcases.OneMg_VANCOMYCIN1GM@6f15d60e]" name="runScenario" class="cucumber.api.testng.AbstractTestNGCucumberTests"/>
      </group> <!-- cucumber -->
    </groups>
    <test started-at="2023-09-26T12:27:14Z" name="Fetch Text From Websites" finished-at="2023-09-26T12:52:13Z" duration-ms="1499270">
      <class name="com.leaftaps.testcases.OneMg_VANCOMYCIN1GM">
        <test-method is-config="true" signature="setUpClass()[pri:0, instance:com.leaftaps.testcases.OneMg_VANCOMYCIN1GM@6f15d60e]" started-at="2023-09-26T17:57:14Z" name="setUpClass" finished-at="2023-09-26T17:57:14Z" duration-ms="289" status="PASS">
          <reporter-output>
          </reporter-output>
        </test-method> <!-- setUpClass -->
        <test-method is-config="true" signature="startTestCase()[pri:0, instance:com.leaftaps.testcases.OneMg_VANCOMYCIN1GM@6f15d60e]" started-at="2023-09-26T17:57:14Z" name="startTestCase" finished-at="2023-09-26T17:57:14Z" duration-ms="16" status="PASS">
          <reporter-output>
          </reporter-output>
        </test-method> <!-- startTestCase -->
        <test-method is-config="true" signature="preCondition(java.lang.String)[pri:0, instance:com.leaftaps.testcases.OneMg_VANCOMYCIN1GM@6f15d60e]" started-at="2023-09-26T17:57:14Z" name="preCondition" finished-at="2023-09-26T17:57:28Z" duration-ms="13984" status="PASS">
          <params>
            <param index="0">
              <value>
                <![CDATA[https://www.1mg.com/]]>
              </value>
            </param>
          </params>
          <reporter-output>
          </reporter-output>
        </test-method> <!-- preCondition -->
        <test-method signature="runTests()[pri:0, instance:com.leaftaps.testcases.OneMg_VANCOMYCIN1GM@6f15d60e]" started-at="2023-09-26T17:57:28Z" name="runTests" finished-at="2023-09-26T18:01:00Z" duration-ms="212167" status="PASS">
          <reporter-output>
          </reporter-output>
        </test-method> <!-- runTests -->
        <test-method is-config="true" signature="postCondition()[pri:0, instance:com.leaftaps.testcases.OneMg_VANCOMYCIN1GM@6f15d60e]" started-at="2023-09-26T18:01:00Z" name="postCondition" finished-at="2023-09-26T18:01:06Z" duration-ms="5609" status="PASS">
          <reporter-output>
          </reporter-output>
        </test-method> <!-- postCondition -->
        <test-method is-config="true" signature="updateResult()[pri:0, instance:com.leaftaps.testcases.OneMg_VANCOMYCIN1GM@6f15d60e]" started-at="2023-09-26T18:01:06Z" name="updateResult" finished-at="2023-09-26T18:01:06Z" duration-ms="348" status="PASS">
          <reporter-output>
          </reporter-output>
        </test-method> <!-- updateResult -->
        <test-method is-config="true" signature="tearDownClass()[pri:0, instance:com.leaftaps.testcases.OneMg_VANCOMYCIN1GM@6f15d60e]" started-at="2023-09-26T18:01:06Z" name="tearDownClass" finished-at="2023-09-26T18:01:06Z" duration-ms="2" status="PASS">
          <reporter-output>
          </reporter-output>
        </test-method> <!-- tearDownClass -->
      </class> <!-- com.leaftaps.testcases.OneMg_VANCOMYCIN1GM -->
      <class name="com.leaftaps.testcases.OneMg_DOXYCYCLINE_100MG">
        <test-method is-config="true" signature="setUpClass()[pri:0, instance:com.leaftaps.testcases.OneMg_DOXYCYCLINE_100MG@1be2019a]" started-at="2023-09-26T17:57:14Z" name="setUpClass" finished-at="2023-09-26T17:57:14Z" duration-ms="289" status="PASS">
          <reporter-output>
          </reporter-output>
        </test-method> <!-- setUpClass -->
        <test-method is-config="true" signature="startTestCase()[pri:0, instance:com.leaftaps.testcases.OneMg_DOXYCYCLINE_100MG@1be2019a]" started-at="2023-09-26T17:57:14Z" name="startTestCase" finished-at="2023-09-26T17:57:14Z" duration-ms="16" status="PASS">
          <reporter-output>
          </reporter-output>
        </test-method> <!-- startTestCase -->
        <test-method is-config="true" signature="preCondition(java.lang.String)[pri:0, instance:com.leaftaps.testcases.OneMg_DOXYCYCLINE_100MG@1be2019a]" started-at="2023-09-26T17:57:14Z" name="preCondition" finished-at="2023-09-26T17:57:28Z" duration-ms="14247" status="PASS">
          <params>
            <param index="0">
              <value>
                <![CDATA[https://www.1mg.com/]]>
              </value>
            </param>
          </params>
          <reporter-output>
          </reporter-output>
        </test-method> <!-- preCondition -->
        <test-method signature="runTests()[pri:0, instance:com.leaftaps.testcases.OneMg_DOXYCYCLINE_100MG@1be2019a]" started-at="2023-09-26T17:57:28Z" name="runTests" finished-at="2023-09-26T18:22:08Z" duration-ms="1479506" status="FAIL">
          <exception class="java.lang.StackOverflowError">
            <full-stacktrace>
              <![CDATA[java.lang.StackOverflowError
	at java.base/java.util.regex.Pattern$BmpCharPredicate.lambda$union$2(Pattern.java:5692)
	at java.base/java.util.regex.Pattern$BmpCharProperty.match(Pattern.java:4019)
	at java.base/java.util.regex.Pattern$GroupHead.match(Pattern.java:4855)
	at java.base/java.util.regex.Pattern$Branch.match(Pattern.java:4798)
	at java.base/java.util.regex.Pattern$Branch.match(Pattern.java:4798)
	at java.base/java.util.regex.Pattern$Branch.match(Pattern.java:4798)
	at java.base/java.util.regex.Pattern$BranchConn.match(Pattern.java:4763)
	at java.base/java.util.regex.Pattern$GroupTail.match(Pattern.java:4886)
	at java.base/java.util.regex.Pattern$BmpCharPropertyGreedy.match(Pattern.java:4394)
	at java.base/java.util.regex.Pattern$GroupHead.match(Pattern.java:4855)
	at java.base/java.util.regex.Pattern$Branch.match(Pattern.java:4800)
	at java.base/java.util.regex.Pattern$Branch.match(Pattern.java:4798)
	at java.base/java.util.regex.Pattern$BmpCharProperty.match(Pattern.java:4020)
	at java.base/java.util.regex.Pattern$Start.match(Pattern.java:3673)
	at java.base/java.util.regex.Matcher.search(Matcher.java:1729)
	at java.base/java.util.regex.Matcher.find(Matcher.java:773)
	at java.base/java.util.Formatter.parse(Formatter.java:2702)
	at java.base/java.util.Formatter.format(Formatter.java:2655)
	at java.base/java.util.Formatter.format(Formatter.java:2609)
	at java.base/java.lang.String.format(String.java:3292)
	at org.openqa.selenium.SharedCapabilitiesMethods.lambda$abbreviate$4(SharedCapabilitiesMethods.java:115)
	at java.base/java.util.stream.ReferencePipeline$3$1.accept(ReferencePipeline.java:195)
	at java.base/java.util.stream.SortedOps$SizedRefSortingSink.end(SortedOps.java:357)
	at java.base/java.util.stream.AbstractPipeline.copyInto(AbstractPipeline.java:485)
	at java.base/java.util.stream.AbstractPipeline.wrapAndCopyInto(AbstractPipeline.java:474)
	at java.base/java.util.stream.ReduceOps$ReduceOp.evaluateSequential(ReduceOps.java:913)
	at java.base/java.util.stream.AbstractPipeline.evaluate(AbstractPipeline.java:234)
	at java.base/java.util.stream.ReferencePipeline.collect(ReferencePipeline.java:578)
	at org.openqa.selenium.SharedCapabilitiesMethods.abbreviate(SharedCapabilitiesMethods.java:117)
	at org.openqa.selenium.SharedCapabilitiesMethods.lambda$abbreviate$4(SharedCapabilitiesMethods.java:116)
	at java.base/java.util.stream.ReferencePipeline$3$1.accept(ReferencePipeline.java:195)
	at java.base/java.util.stream.SortedOps$SizedRefSortingSink.end(SortedOps.java:357)
	at java.base/java.util.stream.AbstractPipeline.copyInto(AbstractPipeline.java:485)
	at java.base/java.util.stream.AbstractPipeline.wrapAndCopyInto(AbstractPipeline.java:474)
	at java.base/java.util.stream.ReduceOps$ReduceOp.evaluateSequential(ReduceOps.java:913)
	at java.base/java.util.stream.AbstractPipeline.evaluate(AbstractPipeline.java:234)
	at java.base/java.util.stream.ReferencePipeline.collect(ReferencePipeline.java:578)
	at org.openqa.selenium.SharedCapabilitiesMethods.abbreviate(SharedCapabilitiesMethods.java:117)
	at org.openqa.selenium.SharedCapabilitiesMethods.toString(SharedCapabilitiesMethods.java:84)
	at org.openqa.selenium.MutableCapabilities.toString(MutableCapabilities.java:138)
	at org.openqa.selenium.remote.RemoteWebDriver.populateWebDriverException(RemoteWebDriver.java:670)
	at org.openqa.selenium.remote.RemoteWebDriver.execute(RemoteWebDriver.java:633)
	at org.openqa.selenium.remote.RemoteWebDriver.execute(RemoteWebDriver.java:675)
	at org.openqa.selenium.remote.RemoteWebDriver.execute(RemoteWebDriver.java:679)
	at org.openqa.selenium.remote.RemoteWebDriver.getScreenshotAs(RemoteWebDriver.java:325)
	at com.framework.selenium.api.base.SeleniumBase.takeSnap(SeleniumBase.java:963)
	at com.framework.utils.ExtentReporter.reportStep(ExtentReporter.java:85)
	at com.framework.utils.ExtentReporter.reportStep(ExtentReporter.java:118)
	at com.framework.selenium.api.base.SeleniumBase.takeSnap(SeleniumBase.java:966)
	at com.framework.utils.ExtentReporter.reportStep(ExtentReporter.java:85)
	at com.framework.utils.ExtentReporter.reportStep(ExtentReporter.java:118)
	at com.framework.selenium.api.base.SeleniumBase.takeSnap(SeleniumBase.java:966)
	at com.framework.utils.ExtentReporter.reportStep(ExtentReporter.java:85)
	at com.framework.utils.ExtentReporter.reportStep(ExtentReporter.java:118)
	at com.framework.selenium.api.base.SeleniumBase.takeSnap(SeleniumBase.java:966)
	at com.framework.utils.ExtentReporter.reportStep(ExtentReporter.java:85)
	at com.framework.utils.ExtentReporter.reportStep(ExtentReporter.java:118)
	at com.framework.selenium.api.base.SeleniumBase.takeSnap(SeleniumBase.java:966)
	at com.framework.utils.ExtentReporter.reportStep(ExtentReporter.java:85)
	at com.framework.utils.ExtentReporter.reportStep(ExtentReporter.java:118)
	at com.framework.selenium.api.base.SeleniumBase.takeSnap(SeleniumBase.java:966)
	at com.framework.utils.ExtentReporter.reportStep(ExtentReporter.java:85)
	at com.framework.utils.ExtentReporter.reportStep(ExtentReporter.java:118)
	at com.framework.selenium.api.base.SeleniumBase.takeSnap(SeleniumBase.java:966)
	at com.framework.utils.ExtentReporter.reportStep(ExtentReporter.java:85)
	at com.framework.utils.ExtentReporter.reportStep(ExtentReporter.java:118)
	at com.framework.selenium.api.base.SeleniumBase.takeSnap(SeleniumBase.java:966)
	at com.framework.utils.ExtentReporter.reportStep(ExtentReporter.java:85)
	at com.framework.utils.ExtentReporter.reportStep(ExtentReporter.java:118)
	at com.framework.selenium.api.base.SeleniumBase.takeSnap(SeleniumBase.java:966)
	at com.framework.utils.ExtentReporter.reportStep(ExtentReporter.java:85)
	at com.framework.utils.ExtentReporter.reportStep(ExtentReporter.java:118)
	at com.framework.selenium.api.base.SeleniumBase.takeSnap(SeleniumBase.java:966)
	at com.framework.utils.ExtentReporter.reportStep(ExtentReporter.java:85)
	at com.framework.utils.ExtentReporter.reportStep(ExtentReporter.java:118)
	at com.framework.selenium.api.base.SeleniumBase.takeSnap(SeleniumBase.java:966)
	at com.framework.utils.ExtentReporter.reportStep(ExtentReporter.java:85)
	at com.framework.utils.ExtentReporter.reportStep(ExtentReporter.java:118)
	at com.framework.selenium.api.base.SeleniumBase.takeSnap(SeleniumBase.java:966)
	at com.framework.utils.ExtentReporter.reportStep(ExtentReporter.java:85)
	at com.framework.utils.ExtentReporter.reportStep(ExtentReporter.java:118)
	at com.framework.selenium.api.base.SeleniumBase.takeSnap(SeleniumBase.java:966)
	at com.framework.utils.ExtentReporter.reportStep(ExtentReporter.java:85)
	at com.framework.utils.ExtentReporter.reportStep(ExtentReporter.java:118)
	at com.framework.selenium.api.base.SeleniumBase.takeSnap(SeleniumBase.java:966)
	at com.framework.utils.ExtentReporter.reportStep(ExtentReporter.java:85)
	at com.framework.utils.ExtentReporter.reportStep(ExtentReporter.java:118)
	at com.framework.selenium.api.base.SeleniumBase.takeSnap(SeleniumBase.java:966)
	at com.framework.utils.ExtentReporter.reportStep(ExtentReporter.java:85)
	at com.framework.utils.ExtentReporter.reportStep(ExtentReporter.java:118)
	at com.framework.selenium.api.base.SeleniumBase.takeSnap(SeleniumBase.java:966)
	at com.framework.utils.ExtentReporter.reportStep(ExtentReporter.java:85)
	at com.framework.utils.ExtentReporter.reportStep(ExtentReporter.java:118)
	at com.framework.selenium.api.base.SeleniumBase.takeSnap(SeleniumBase.java:966)
	at com.framework.utils.ExtentReporter.reportStep(ExtentReporter.java:85)
	at com.framework.utils.ExtentReporter.reportStep(ExtentReporter.java:118)
	at com.framework.selenium.api.base.SeleniumBase.takeSnap(SeleniumBase.java:966)
	at com.framework.utils.ExtentReporter.reportStep(ExtentReporter.java:85)
	at com.framework.utils.ExtentReporter.reportStep(ExtentReporter.java:118)
	at com.framework.selenium.api.base.SeleniumBase.takeSnap(SeleniumBase.java:966)
	at com.framework.utils.ExtentReporter.reportStep(ExtentReporter.java:85)
	at com.framework.utils.ExtentReporter.reportStep(ExtentReporter.java:118)
	at com.framework.selenium.api.base.SeleniumBase.takeSnap(SeleniumBase.java:966)
	at com.framework.utils.ExtentReporter.reportStep(ExtentReporter.java:85)
	at com.framework.utils.ExtentReporter.reportStep(ExtentReporter.java:118)
	at com.framework.selenium.api.base.SeleniumBase.takeSnap(SeleniumBase.java:966)
	at com.framework.utils.ExtentReporter.reportStep(ExtentReporter.java:85)
	at com.framework.utils.ExtentReporter.reportStep(ExtentReporter.java:118)
	at com.framework.selenium.api.base.SeleniumBase.takeSnap(SeleniumBase.java:966)
	at com.framework.utils.ExtentReporter.reportStep(ExtentReporter.java:85)
	at com.framework.utils.ExtentReporter.reportStep(ExtentReporter.java:118)
	at com.framework.selenium.api.base.SeleniumBase.takeSnap(SeleniumBase.java:966)
	at com.framework.utils.ExtentReporter.reportStep(ExtentReporter.java:85)
	at com.framework.utils.ExtentReporter.reportStep(ExtentReporter.java:118)
	at com.framework.selenium.api.base.SeleniumBase.takeSnap(SeleniumBase.java:966)
	at com.framework.utils.ExtentReporter.reportStep(ExtentReporter.java:85)
	at com.framework.utils.ExtentReporter.reportStep(ExtentReporter.java:118)
	at com.framework.selenium.api.base.SeleniumBase.takeSnap(SeleniumBase.java:966)
	at com.framework.utils.ExtentReporter.reportStep(ExtentReporter.java:85)
	at com.framework.utils.ExtentReporter.reportStep(ExtentReporter.java:118)
	at com.framework.selenium.api.base.SeleniumBase.takeSnap(SeleniumBase.java:966)
	at com.framework.utils.ExtentReporter.reportStep(ExtentReporter.java:85)
	at com.framework.utils.ExtentReporter.reportStep(ExtentReporter.java:118)
	at com.framework.selenium.api.base.SeleniumBase.takeSnap(SeleniumBase.java:966)
	at com.framework.utils.ExtentReporter.reportStep(ExtentReporter.java:85)
	at com.framework.utils.ExtentReporter.reportStep(ExtentReporter.java:118)
	at com.framework.selenium.api.base.SeleniumBase.takeSnap(SeleniumBase.java:966)
	at com.framework.utils.ExtentReporter.reportStep(ExtentReporter.java:85)
	at com.framework.utils.ExtentReporter.reportStep(ExtentReporter.java:118)
	at com.framework.selenium.api.base.SeleniumBase.takeSnap(SeleniumBase.java:966)
	at com.framework.utils.ExtentReporter.reportStep(ExtentReporter.java:85)
	at com.framework.utils.ExtentReporter.reportStep(ExtentReporter.java:118)
	at com.framework.selenium.api.base.SeleniumBase.takeSnap(SeleniumBase.java:966)
	at com.framework.utils.ExtentReporter.reportStep(ExtentReporter.java:85)
	at com.framework.utils.ExtentReporter.reportStep(ExtentReporter.java:118)
	at com.framework.selenium.api.base.SeleniumBase.takeSnap(SeleniumBase.java:966)
	at com.framework.utils.ExtentReporter.reportStep(ExtentReporter.java:85)
	at com.framework.utils.ExtentReporter.reportStep(ExtentReporter.java:118)
	at com.framework.selenium.api.base.SeleniumBase.takeSnap(SeleniumBase.java:966)
	at com.framework.utils.ExtentReporter.reportStep(ExtentReporter.java:85)
	at com.framework.utils.ExtentReporter.reportStep(ExtentReporter.java:118)
	at com.framework.selenium.api.base.SeleniumBase.takeSnap(SeleniumBase.java:966)
	at com.framework.utils.ExtentReporter.reportStep(ExtentReporter.java:85)
	at com.framework.utils.ExtentReporter.reportStep(ExtentReporter.java:118)
	at com.framework.selenium.api.base.SeleniumBase.takeSnap(SeleniumBase.java:966)
	at com.framework.utils.ExtentReporter.reportStep(ExtentReporter.java:85)
	at com.framework.utils.ExtentReporter.reportStep(ExtentReporter.java:118)
	at com.framework.selenium.api.base.SeleniumBase.takeSnap(SeleniumBase.java:966)
	at com.framework.utils.ExtentReporter.reportStep(ExtentReporter.java:85)
	at com.framework.utils.ExtentReporter.reportStep(ExtentReporter.java:118)
	at com.framework.selenium.api.base.SeleniumBase.takeSnap(SeleniumBase.java:966)
	at com.framework.utils.ExtentReporter.reportStep(ExtentReporter.java:85)
	at com.framework.utils.ExtentReporter.reportStep(ExtentReporter.java:118)
	at com.framework.selenium.api.base.SeleniumBase.takeSnap(SeleniumBase.java:966)
	at com.framework.utils.ExtentReporter.reportStep(ExtentReporter.java:85)
	at com.framework.utils.ExtentReporter.reportStep(ExtentReporter.java:118)
	at com.framework.selenium.api.base.SeleniumBase.takeSnap(SeleniumBase.java:966)
	at com.framework.utils.ExtentReporter.reportStep(ExtentReporter.java:85)
	at com.framework.utils.ExtentReporter.reportStep(ExtentReporter.java:118)
	at com.framework.selenium.api.base.SeleniumBase.takeSnap(SeleniumBase.java:966)
	at com.framework.utils.ExtentReporter.reportStep(ExtentReporter.java:85)
	at com.framework.utils.ExtentReporter.reportStep(ExtentReporter.java:118)
	at com.framework.selenium.api.base.SeleniumBase.takeSnap(SeleniumBase.java:966)
	at com.framework.utils.ExtentReporter.reportStep(ExtentReporter.java:85)
	at com.framework.utils.ExtentReporter.reportStep(ExtentReporter.java:118)
	at com.framework.selenium.api.base.SeleniumBase.takeSnap(SeleniumBase.java:966)
	at com.framework.utils.ExtentReporter.reportStep(ExtentReporter.java:85)
	at com.framework.utils.ExtentReporter.reportStep(ExtentReporter.java:118)
	at com.framework.selenium.api.base.SeleniumBase.takeSnap(SeleniumBase.java:966)
	at com.framework.utils.ExtentReporter.reportStep(ExtentReporter.java:85)
	at com.framework.utils.ExtentReporter.reportStep(ExtentReporter.java:118)
	at com.framework.selenium.api.base.SeleniumBase.takeSnap(SeleniumBase.java:966)
	at com.framework.utils.ExtentReporter.reportStep(ExtentReporter.java:85)
	at com.framework.utils.ExtentReporter.reportStep(ExtentReporter.java:118)
	at com.framework.selenium.api.base.SeleniumBase.takeSnap(SeleniumBase.java:966)
	at com.framework.utils.ExtentReporter.reportStep(ExtentReporter.java:85)
	at com.framework.utils.ExtentReporter.reportStep(ExtentReporter.java:118)
	at com.framework.selenium.api.base.SeleniumBase.takeSnap(SeleniumBase.java:966)
	at com.framework.utils.ExtentReporter.reportStep(ExtentReporter.java:85)
	at com.framework.utils.ExtentReporter.reportStep(ExtentReporter.java:118)
	at com.framework.selenium.api.base.SeleniumBase.takeSnap(SeleniumBase.java:966)
	at com.framework.utils.ExtentReporter.reportStep(ExtentReporter.java:85)
	at com.framework.utils.ExtentReporter.reportStep(ExtentReporter.java:118)
	at com.framework.selenium.api.base.SeleniumBase.takeSnap(SeleniumBase.java:966)
	at com.framework.utils.ExtentReporter.reportStep(ExtentReporter.java:85)
	at com.framework.utils.ExtentReporter.reportStep(ExtentReporter.java:118)
	at com.framework.selenium.api.base.SeleniumBase.takeSnap(SeleniumBase.java:966)
	at com.framework.utils.ExtentReporter.reportStep(ExtentReporter.java:85)
	at com.framework.utils.ExtentReporter.reportStep(ExtentReporter.java:118)
	at com.framework.selenium.api.base.SeleniumBase.takeSnap(SeleniumBase.java:966)
	at com.framework.utils.ExtentReporter.reportStep(ExtentReporter.java:85)
	at com.framework.utils.ExtentReporter.reportStep(ExtentReporter.java:118)
	at com.framework.selenium.api.base.SeleniumBase.takeSnap(SeleniumBase.java:966)
	at com.framework.utils.ExtentReporter.reportStep(ExtentReporter.java:85)
	at com.framework.utils.ExtentReporter.reportStep(ExtentReporter.java:118)
	at com.framework.selenium.api.base.SeleniumBase.takeSnap(SeleniumBase.java:966)
	at com.framework.utils.ExtentReporter.reportStep(ExtentReporter.java:85)
	at com.framework.utils.ExtentReporter.reportStep(ExtentReporter.java:118)
	at com.framework.selenium.api.base.SeleniumBase.takeSnap(SeleniumBase.java:966)
	at com.framework.utils.ExtentReporter.reportStep(ExtentReporter.java:85)
	at com.framework.utils.ExtentReporter.reportStep(ExtentReporter.java:118)
	at com.framework.selenium.api.base.SeleniumBase.takeSnap(SeleniumBase.java:966)
	at com.framework.utils.ExtentReporter.reportStep(ExtentReporter.java:85)
	at com.framework.utils.ExtentReporter.reportStep(ExtentReporter.java:118)
	at com.framework.selenium.api.base.SeleniumBase.takeSnap(SeleniumBase.java:966)
	at com.framework.utils.ExtentReporter.reportStep(ExtentReporter.java:85)
	at com.framework.utils.ExtentReporter.reportStep(ExtentReporter.java:118)
	at com.framework.selenium.api.base.SeleniumBase.takeSnap(SeleniumBase.java:966)
	at com.framework.utils.ExtentReporter.reportStep(ExtentReporter.java:85)
	at com.framework.utils.ExtentReporter.reportStep(ExtentReporter.java:118)
	at com.framework.selenium.api.base.SeleniumBase.takeSnap(SeleniumBase.java:966)
	at com.framework.utils.ExtentReporter.reportStep(ExtentReporter.java:85)
	at com.framework.utils.ExtentReporter.reportStep(ExtentReporter.java:118)
	at com.framework.selenium.api.base.SeleniumBase.takeSnap(SeleniumBase.java:966)
	at com.framework.utils.ExtentReporter.reportStep(ExtentReporter.java:85)
	at com.framework.utils.ExtentReporter.reportStep(ExtentReporter.java:118)
	at com.framework.selenium.api.base.SeleniumBase.takeSnap(SeleniumBase.java:966)
	at com.framework.utils.ExtentReporter.reportStep(ExtentReporter.java:85)
	at com.framework.utils.ExtentReporter.reportStep(ExtentReporter.java:118)
	at com.framework.selenium.api.base.SeleniumBase.takeSnap(SeleniumBase.java:966)
	at com.framework.utils.ExtentReporter.reportStep(ExtentReporter.java:85)
	at com.framework.utils.ExtentReporter.reportStep(ExtentReporter.java:118)
	at com.framework.selenium.api.base.SeleniumBase.takeSnap(SeleniumBase.java:966)
	at com.framework.utils.ExtentReporter.reportStep(ExtentReporter.java:85)
	at com.framework.utils.ExtentReporter.reportStep(ExtentReporter.java:118)
	at com.framework.selenium.api.base.SeleniumBase.takeSnap(SeleniumBase.java:966)
	at com.framework.utils.ExtentReporter.reportStep(ExtentReporter.java:85)
	at com.framework.utils.ExtentReporter.reportStep(ExtentReporter.java:118)
	at com.framework.selenium.api.base.SeleniumBase.takeSnap(SeleniumBase.java:966)
	at com.framework.utils.ExtentReporter.reportStep(ExtentReporter.java:85)
	at com.framework.utils.ExtentReporter.reportStep(ExtentReporter.java:118)
	at com.framework.selenium.api.base.SeleniumBase.takeSnap(SeleniumBase.java:966)
	at com.framework.utils.ExtentReporter.reportStep(ExtentReporter.java:85)
	at com.framework.utils.ExtentReporter.reportStep(ExtentReporter.java:118)
	at com.framework.selenium.api.base.SeleniumBase.takeSnap(SeleniumBase.java:966)
	at com.framework.utils.ExtentReporter.reportStep(ExtentReporter.java:85)
	at com.framework.utils.ExtentReporter.reportStep(ExtentReporter.java:118)
	at com.framework.selenium.api.base.SeleniumBase.takeSnap(SeleniumBase.java:966)
	at com.framework.utils.ExtentReporter.reportStep(ExtentReporter.java:85)
	at com.framework.utils.ExtentReporter.reportStep(ExtentReporter.java:118)
	at com.framework.selenium.api.base.SeleniumBase.takeSnap(SeleniumBase.java:966)
	at com.framework.utils.ExtentReporter.reportStep(ExtentReporter.java:85)
	at com.framework.utils.ExtentReporter.reportStep(ExtentReporter.java:118)
	at com.framework.selenium.api.base.SeleniumBase.takeSnap(SeleniumBase.java:966)
	at com.framework.utils.ExtentReporter.reportStep(ExtentReporter.java:85)
	at com.framework.utils.ExtentReporter.reportStep(ExtentReporter.java:118)
	at com.framework.selenium.api.base.SeleniumBase.takeSnap(SeleniumBase.java:966)
	at com.framework.utils.ExtentReporter.reportStep(ExtentReporter.java:85)
	at com.framework.utils.ExtentReporter.reportStep(ExtentReporter.java:118)
	at com.framework.selenium.api.base.SeleniumBase.takeSnap(SeleniumBase.java:966)
	at com.framework.utils.ExtentReporter.reportStep(ExtentReporter.java:85)
	at com.framework.utils.ExtentReporter.reportStep(ExtentReporter.java:118)
	at com.framework.selenium.api.base.SeleniumBase.takeSnap(SeleniumBase.java:966)
	at com.framework.utils.ExtentReporter.reportStep(ExtentReporter.java:85)
	at com.framework.utils.ExtentReporter.reportStep(ExtentReporter.java:118)
	at com.framework.selenium.api.base.SeleniumBase.takeSnap(SeleniumBase.java:966)
	at com.framework.utils.ExtentReporter.reportStep(ExtentReporter.java:85)
	at com.framework.utils.ExtentReporter.reportStep(ExtentReporter.java:118)
	at com.framework.selenium.api.base.SeleniumBase.takeSnap(SeleniumBase.java:966)
	at com.framework.utils.ExtentReporter.reportStep(ExtentReporter.java:85)
	at com.framework.utils.ExtentReporter.reportStep(ExtentReporter.java:118)
	at com.framework.selenium.api.base.SeleniumBase.takeSnap(SeleniumBase.java:966)
	at com.framework.utils.ExtentReporter.reportStep(ExtentReporter.java:85)
	at com.framework.utils.ExtentReporter.reportStep(ExtentReporter.java:118)
	at com.framework.selenium.api.base.SeleniumBase.takeSnap(SeleniumBase.java:966)
	at com.framework.utils.ExtentReporter.reportStep(ExtentReporter.java:85)
	at com.framework.utils.ExtentReporter.reportStep(ExtentReporter.java:118)
	at com.framework.selenium.api.base.SeleniumBase.takeSnap(SeleniumBase.java:966)
	at com.framework.utils.ExtentReporter.reportStep(ExtentReporter.java:85)
	at com.framework.utils.ExtentReporter.reportStep(ExtentReporter.java:118)
	at com.framework.selenium.api.base.SeleniumBase.takeSnap(SeleniumBase.java:966)
	at com.framework.utils.ExtentReporter.reportStep(ExtentReporter.java:85)
	at com.framework.utils.ExtentReporter.reportStep(ExtentReporter.java:118)
	at com.framework.selenium.api.base.SeleniumBase.takeSnap(SeleniumBase.java:966)
	at com.framework.utils.ExtentReporter.reportStep(ExtentReporter.java:85)
	at com.framework.utils.ExtentReporter.reportStep(ExtentReporter.java:118)
	at com.framework.selenium.api.base.SeleniumBase.takeSnap(SeleniumBase.java:966)
	at com.framework.utils.ExtentReporter.reportStep(ExtentReporter.java:85)
	at com.framework.utils.ExtentReporter.reportStep(ExtentReporter.java:118)
	at com.framework.selenium.api.base.SeleniumBase.takeSnap(SeleniumBase.java:966)
	at com.framework.utils.ExtentReporter.reportStep(ExtentReporter.java:85)
	at com.framework.utils.ExtentReporter.reportStep(ExtentReporter.java:118)
	at com.framework.selenium.api.base.SeleniumBase.takeSnap(SeleniumBase.java:966)
	at com.framework.utils.ExtentReporter.reportStep(ExtentReporter.java:85)
	at com.framework.utils.ExtentReporter.reportStep(ExtentReporter.java:118)
	at com.framework.selenium.api.base.SeleniumBase.takeSnap(SeleniumBase.java:966)
	at com.framework.utils.ExtentReporter.reportStep(ExtentReporter.java:85)
	at com.framework.utils.ExtentReporter.reportStep(ExtentReporter.java:118)
	at com.framework.selenium.api.base.SeleniumBase.takeSnap(SeleniumBase.java:966)
	at com.framework.utils.ExtentReporter.reportStep(ExtentReporter.java:85)
	at com.framework.utils.ExtentReporter.reportStep(ExtentReporter.java:118)
	at com.framework.selenium.api.base.SeleniumBase.takeSnap(SeleniumBase.java:966)
	at com.framework.utils.ExtentReporter.reportStep(ExtentReporter.java:85)
	at com.framework.utils.ExtentReporter.reportStep(ExtentReporter.java:118)
	at com.framework.selenium.api.base.SeleniumBase.takeSnap(SeleniumBase.java:966)
	at com.framework.utils.ExtentReporter.reportStep(ExtentReporter.java:85)
	at com.framework.utils.ExtentReporter.reportStep(ExtentReporter.java:118)
	at com.framework.selenium.api.base.SeleniumBase.takeSnap(SeleniumBase.java:966)
	at com.framework.utils.ExtentReporter.reportStep(ExtentReporter.java:85)
	at com.framework.utils.ExtentReporter.reportStep(ExtentReporter.java:118)
	at com.framework.selenium.api.base.SeleniumBase.takeSnap(SeleniumBase.java:966)
	at com.framework.utils.ExtentReporter.reportStep(ExtentReporter.java:85)
	at com.framework.utils.ExtentReporter.reportStep(ExtentReporter.java:118)
	at com.framework.selenium.api.base.SeleniumBase.takeSnap(SeleniumBase.java:966)
	at com.framework.utils.ExtentReporter.reportStep(ExtentReporter.java:85)
	at com.framework.utils.ExtentReporter.reportStep(ExtentReporter.java:118)
	at com.framework.selenium.api.base.SeleniumBase.takeSnap(SeleniumBase.java:966)
	at com.framework.utils.ExtentReporter.reportStep(ExtentReporter.java:85)
	at com.framework.utils.ExtentReporter.reportStep(ExtentReporter.java:118)
	at com.framework.selenium.api.base.SeleniumBase.takeSnap(SeleniumBase.java:966)
	at com.framework.utils.ExtentReporter.reportStep(ExtentReporter.java:85)
	at com.framework.utils.ExtentReporter.reportStep(ExtentReporter.java:118)
	at com.framework.selenium.api.base.SeleniumBase.takeSnap(SeleniumBase.java:966)
	at com.framework.utils.ExtentReporter.reportStep(ExtentReporter.java:85)
	at com.framework.utils.ExtentReporter.reportStep(ExtentReporter.java:118)
	at com.framework.selenium.api.base.SeleniumBase.takeSnap(SeleniumBase.java:966)
	at com.framework.utils.ExtentReporter.reportStep(ExtentReporter.java:85)
	at com.framework.utils.ExtentReporter.reportStep(ExtentReporter.java:118)
	at com.framework.selenium.api.base.SeleniumBase.takeSnap(SeleniumBase.java:966)
	at com.framework.utils.ExtentReporter.reportStep(ExtentReporter.java:85)
	at com.framework.utils.ExtentReporter.reportStep(ExtentReporter.java:118)
	at com.framework.selenium.api.base.SeleniumBase.takeSnap(SeleniumBase.java:966)
	at com.framework.utils.ExtentReporter.reportStep(ExtentReporter.java:85)
	at com.framework.utils.ExtentReporter.reportStep(ExtentReporter.java:118)
	at com.framework.selenium.api.base.SeleniumBase.takeSnap(SeleniumBase.java:966)
	at com.framework.utils.ExtentReporter.reportStep(ExtentReporter.java:85)
	at com.framework.utils.ExtentReporter.reportStep(ExtentReporter.java:118)
	at com.framework.selenium.api.base.SeleniumBase.takeSnap(SeleniumBase.java:966)
	at com.framework.utils.ExtentReporter.reportStep(ExtentReporter.java:85)
	at com.framework.utils.ExtentReporter.reportStep(ExtentReporter.java:118)
	at com.framework.selenium.api.base.SeleniumBase.takeSnap(SeleniumBase.java:966)
	at com.framework.utils.ExtentReporter.reportStep(ExtentReporter.java:85)
	at com.framework.utils.ExtentReporter.reportStep(ExtentReporter.java:118)
	at com.framework.selenium.api.base.SeleniumBase.takeSnap(SeleniumBase.java:966)
	at com.framework.utils.ExtentReporter.reportStep(ExtentReporter.java:85)
	at com.framework.utils.ExtentReporter.reportStep(ExtentReporter.java:118)
	at com.framework.selenium.api.base.SeleniumBase.takeSnap(SeleniumBase.java:966)
	at com.framework.utils.ExtentReporter.reportStep(ExtentReporter.java:85)
	at com.framework.utils.ExtentReporter.reportStep(ExtentReporter.java:118)
	at com.framework.selenium.api.base.SeleniumBase.takeSnap(SeleniumBase.java:966)
	at com.framework.utils.ExtentReporter.reportStep(ExtentReporter.java:85)
	at com.framework.utils.ExtentReporter.reportStep(ExtentReporter.java:118)
	at com.framework.selenium.api.base.SeleniumBase.takeSnap(SeleniumBase.java:966)
	at com.framework.utils.ExtentReporter.reportStep(ExtentReporter.java:85)
	at com.framework.utils.ExtentReporter.reportStep(ExtentReporter.java:118)
	at com.framework.selenium.api.base.SeleniumBase.takeSnap(SeleniumBase.java:966)
	at com.framework.utils.ExtentReporter.reportStep(ExtentReporter.java:85)
	at com.framework.utils.ExtentReporter.reportStep(ExtentReporter.java:118)
	at com.framework.selenium.api.base.SeleniumBase.takeSnap(SeleniumBase.java:966)
	at com.framework.utils.ExtentReporter.reportStep(ExtentReporter.java:85)
	at com.framework.utils.ExtentReporter.reportStep(ExtentReporter.java:118)
	at com.framework.selenium.api.base.SeleniumBase.takeSnap(SeleniumBase.java:966)
	at com.framework.utils.ExtentReporter.reportStep(ExtentReporter.java:85)
	at com.framework.utils.ExtentReporter.reportStep(ExtentReporter.java:118)
	at com.framework.selenium.api.base.SeleniumBase.takeSnap(SeleniumBase.java:966)
	at com.framework.utils.ExtentReporter.reportStep(ExtentReporter.java:85)
	at com.framework.utils.ExtentReporter.reportStep(ExtentReporter.java:118)
	at com.framework.selenium.api.base.SeleniumBase.takeSnap(SeleniumBase.java:966)
	at com.framework.utils.ExtentReporter.reportStep(ExtentReporter.java:85)
	at com.framework.utils.ExtentReporter.reportStep(ExtentReporter.java:118)
	at com.framework.selenium.api.base.SeleniumBase.takeSnap(SeleniumBase.java:966)
	at com.framework.utils.ExtentReporter.reportStep(ExtentReporter.java:85)
	at com.framework.utils.ExtentReporter.reportStep(ExtentReporter.java:118)
	at com.framework.selenium.api.base.SeleniumBase.takeSnap(SeleniumBase.java:966)
	at com.framework.utils.ExtentReporter.reportStep(ExtentReporter.java:85)
	at com.framework.utils.ExtentReporter.reportStep(ExtentReporter.java:118)
	at com.framework.selenium.api.base.SeleniumBase.takeSnap(SeleniumBase.java:966)
	at com.framework.utils.ExtentReporter.reportStep(ExtentReporter.java:85)
	at com.framework.utils.ExtentReporter.reportStep(ExtentReporter.java:118)
	at com.framework.selenium.api.base.SeleniumBase.takeSnap(SeleniumBase.java:966)
	at com.framework.utils.ExtentReporter.reportStep(ExtentReporter.java:85)
	at com.framework.utils.ExtentReporter.reportStep(ExtentReporter.java:118)
	at com.framework.selenium.api.base.SeleniumBase.takeSnap(SeleniumBase.java:966)
	at com.framework.utils.ExtentReporter.reportStep(ExtentReporter.java:85)
	at com.framework.utils.ExtentReporter.reportStep(ExtentReporter.java:118)
	at com.framework.selenium.api.base.SeleniumBase.takeSnap(SeleniumBase.java:966)
	at com.framework.utils.ExtentReporter.reportStep(ExtentReporter.java:85)
	at com.framework.utils.ExtentReporter.reportStep(ExtentReporter.java:118)
	at com.framework.selenium.api.base.SeleniumBase.takeSnap(SeleniumBase.java:966)
	at com.framework.utils.ExtentReporter.reportStep(ExtentReporter.java:85)
	at com.framework.utils.ExtentReporter.reportStep(ExtentReporter.java:118)
	at com.framework.selenium.api.base.SeleniumBase.takeSnap(SeleniumBase.java:966)
	at com.framework.utils.ExtentReporter.reportStep(ExtentReporter.java:85)
	at com.framework.utils.ExtentReporter.reportStep(ExtentReporter.java:118)
	at com.framework.selenium.api.base.SeleniumBase.takeSnap(SeleniumBase.java:966)
	at com.framework.utils.ExtentReporter.reportStep(ExtentReporter.java:85)
	at com.framework.utils.ExtentReporter.reportStep(ExtentReporter.java:118)
	at com.framework.selenium.api.base.SeleniumBase.takeSnap(SeleniumBase.java:966)
	at com.framework.utils.ExtentReporter.reportStep(ExtentReporter.java:85)
	at com.framework.utils.ExtentReporter.reportStep(ExtentReporter.java:118)
	at com.framework.selenium.api.base.SeleniumBase.takeSnap(SeleniumBase.java:966)
	at com.framework.utils.ExtentReporter.reportStep(ExtentReporter.java:85)
	at com.framework.utils.ExtentReporter.reportStep(ExtentReporter.java:118)
	at com.framework.selenium.api.base.SeleniumBase.takeSnap(SeleniumBase.java:966)
	at com.framework.utils.ExtentReporter.reportStep(ExtentReporter.java:85)
	at com.framework.utils.ExtentReporter.reportStep(ExtentReporter.java:118)
	at com.framework.selenium.api.base.SeleniumBase.takeSnap(SeleniumBase.java:966)
	at com.framework.utils.ExtentReporter.reportStep(ExtentReporter.java:85)
	at com.framework.utils.ExtentReporter.reportStep(ExtentReporter.java:118)
	at com.framework.selenium.api.base.SeleniumBase.takeSnap(SeleniumBase.java:966)
	at com.framework.utils.ExtentReporter.reportStep(ExtentReporter.java:85)
	at com.framework.utils.ExtentReporter.reportStep(ExtentReporter.java:118)
	at com.framework.selenium.api.base.SeleniumBase.takeSnap(SeleniumBase.java:966)
	at com.framework.utils.ExtentReporter.reportStep(ExtentReporter.java:85)
	at com.framework.utils.ExtentReporter.reportStep(ExtentReporter.java:118)
	at com.framework.selenium.api.base.SeleniumBase.takeSnap(SeleniumBase.java:966)
	at com.framework.utils.ExtentReporter.reportStep(ExtentReporter.java:85)
	at com.framework.utils.ExtentReporter.reportStep(ExtentReporter.java:118)
	at com.framework.selenium.api.base.SeleniumBase.takeSnap(SeleniumBase.java:966)
	at com.framework.utils.ExtentReporter.reportStep(ExtentReporter.java:85)
	at com.framework.utils.ExtentReporter.reportStep(ExtentReporter.java:118)
	at com.framework.selenium.api.base.SeleniumBase.takeSnap(SeleniumBase.java:966)
	at com.framework.utils.ExtentReporter.reportStep(ExtentReporter.java:85)
	at com.framework.utils.ExtentReporter.reportStep(ExtentReporter.java:118)
	at com.framework.selenium.api.base.SeleniumBase.takeSnap(SeleniumBase.java:966)
	at com.framework.utils.ExtentReporter.reportStep(ExtentReporter.java:85)
	at com.framework.utils.ExtentReporter.reportStep(ExtentReporter.java:118)
	at com.framework.selenium.api.base.SeleniumBase.takeSnap(SeleniumBase.java:966)
	at com.framework.utils.ExtentReporter.reportStep(ExtentReporter.java:85)
	at com.framework.utils.ExtentReporter.reportStep(ExtentReporter.java:118)
	at com.framework.selenium.api.base.SeleniumBase.takeSnap(SeleniumBase.java:966)
	at com.framework.utils.ExtentReporter.reportStep(ExtentReporter.java:85)
	at com.framework.utils.ExtentReporter.reportStep(ExtentReporter.java:118)
	at com.framework.selenium.api.base.SeleniumBase.takeSnap(SeleniumBase.java:966)
	at com.framework.utils.ExtentReporter.reportStep(ExtentReporter.java:85)
	at com.framework.utils.ExtentReporter.reportStep(ExtentReporter.java:118)
	at com.framework.selenium.api.base.SeleniumBase.takeSnap(SeleniumBase.java:966)
	at com.framework.utils.ExtentReporter.reportStep(ExtentReporter.java:85)
	at com.framework.utils.ExtentReporter.reportStep(ExtentReporter.java:118)
	at com.framework.selenium.api.base.SeleniumBase.takeSnap(SeleniumBase.java:966)
	at com.framework.utils.ExtentReporter.reportStep(ExtentReporter.java:85)
	at com.framework.utils.ExtentReporter.reportStep(ExtentReporter.java:118)
	at com.framework.selenium.api.base.SeleniumBase.takeSnap(SeleniumBase.java:966)
	at com.framework.utils.ExtentReporter.reportStep(ExtentReporter.java:85)
	at com.framework.utils.ExtentReporter.reportStep(ExtentReporter.java:118)
	at com.framework.selenium.api.base.SeleniumBase.takeSnap(SeleniumBase.java:966)
	at com.framework.utils.ExtentReporter.reportStep(ExtentReporter.java:85)
	at com.framework.utils.ExtentReporter.reportStep(ExtentReporter.java:118)
	at com.framework.selenium.api.base.SeleniumBase.takeSnap(SeleniumBase.java:966)
	at com.framework.utils.ExtentReporter.reportStep(ExtentReporter.java:85)
	at com.framework.utils.ExtentReporter.reportStep(ExtentReporter.java:118)
	at com.framework.selenium.api.base.SeleniumBase.takeSnap(SeleniumBase.java:966)
	at com.framework.utils.ExtentReporter.reportStep(ExtentReporter.java:85)
	at com.framework.utils.ExtentReporter.reportStep(ExtentReporter.java:118)
	at com.framework.selenium.api.base.SeleniumBase.takeSnap(SeleniumBase.java:966)
	at com.framework.utils.ExtentReporter.reportStep(ExtentReporter.java:85)
	at com.framework.utils.ExtentReporter.reportStep(ExtentReporter.java:118)
	at com.framework.selenium.api.base.SeleniumBase.takeSnap(SeleniumBase.java:966)
	at com.framework.utils.ExtentReporter.reportStep(ExtentReporter.java:85)
	at com.framework.utils.ExtentReporter.reportStep(ExtentReporter.java:118)
	at com.framework.selenium.api.base.SeleniumBase.takeSnap(SeleniumBase.java:966)
	at com.framework.utils.ExtentReporter.reportStep(ExtentReporter.java:85)
	at com.framework.utils.ExtentReporter.reportStep(ExtentReporter.java:118)
	at com.framework.selenium.api.base.SeleniumBase.takeSnap(SeleniumBase.java:966)
	at com.framework.utils.ExtentReporter.reportStep(ExtentReporter.java:85)
	at com.framework.utils.ExtentReporter.reportStep(ExtentReporter.java:118)
	at com.framework.selenium.api.base.SeleniumBase.takeSnap(SeleniumBase.java:966)
	at com.framework.utils.ExtentReporter.reportStep(ExtentReporter.java:85)
	at com.framework.utils.ExtentReporter.reportStep(ExtentReporter.java:118)
	at com.framework.selenium.api.base.SeleniumBase.takeSnap(SeleniumBase.java:966)
	at com.framework.utils.ExtentReporter.reportStep(ExtentReporter.java:85)
	at com.framework.utils.ExtentReporter.reportStep(ExtentReporter.java:118)
	at com.framework.selenium.api.base.SeleniumBase.takeSnap(SeleniumBase.java:966)
	at com.framework.utils.ExtentReporter.reportStep(ExtentReporter.java:85)
	at com.framework.utils.ExtentReporter.reportStep(ExtentReporter.java:118)
	at com.framework.selenium.api.base.SeleniumBase.takeSnap(SeleniumBase.java:966)
	at com.framework.utils.ExtentReporter.reportStep(ExtentReporter.java:85)
	at com.framework.utils.ExtentReporter.reportStep(ExtentReporter.java:118)
	at com.framework.selenium.api.base.SeleniumBase.takeSnap(SeleniumBase.java:966)
	at com.framework.utils.ExtentReporter.reportStep(ExtentReporter.java:85)
	at com.framework.utils.ExtentReporter.reportStep(ExtentReporter.java:118)
	at com.framework.selenium.api.base.SeleniumBase.takeSnap(SeleniumBase.java:966)
	at com.framework.utils.ExtentReporter.reportStep(ExtentReporter.java:85)
	at com.framework.utils.ExtentReporter.reportStep(ExtentReporter.java:118)
	at com.framework.selenium.api.base.SeleniumBase.takeSnap(SeleniumBase.java:966)
	at com.framework.utils.ExtentReporter.reportStep(ExtentReporter.java:85)
	at com.framework.utils.ExtentReporter.reportStep(ExtentReporter.java:118)
	at com.framework.selenium.api.base.SeleniumBase.takeSnap(SeleniumBase.java:966)
	at com.framework.utils.ExtentReporter.reportStep(ExtentReporter.java:85)
	at com.framework.utils.ExtentReporter.reportStep(ExtentReporter.java:118)
	at com.framework.selenium.api.base.SeleniumBase.takeSnap(SeleniumBase.java:966)
	at com.framework.utils.ExtentReporter.reportStep(ExtentReporter.java:85)
	at com.framework.utils.ExtentReporter.reportStep(ExtentReporter.java:118)
	at com.framework.selenium.api.base.SeleniumBase.takeSnap(SeleniumBase.java:966)
	at com.framework.utils.ExtentReporter.reportStep(ExtentReporter.java:85)
	at com.framework.utils.ExtentReporter.reportStep(ExtentReporter.java:118)
	at com.framework.selenium.api.base.SeleniumBase.takeSnap(SeleniumBase.java:966)
	at com.framework.utils.ExtentReporter.reportStep(ExtentReporter.java:85)
	at com.framework.utils.ExtentReporter.reportStep(ExtentReporter.java:118)
	at com.framework.selenium.api.base.SeleniumBase.takeSnap(SeleniumBase.java:966)
	at com.framework.utils.ExtentReporter.reportStep(ExtentReporter.java:85)
	at com.framework.utils.ExtentReporter.reportStep(ExtentReporter.java:118)
	at com.framework.selenium.api.base.SeleniumBase.takeSnap(SeleniumBase.java:966)
	at com.framework.utils.ExtentReporter.reportStep(ExtentReporter.java:85)
	at com.framework.utils.ExtentReporter.reportStep(ExtentReporter.java:118)
	at com.framework.selenium.api.base.SeleniumBase.takeSnap(SeleniumBase.java:966)
	at com.framework.utils.ExtentReporter.reportStep(ExtentReporter.java:85)
	at com.framework.utils.ExtentReporter.reportStep(ExtentReporter.java:118)
	at com.framework.selenium.api.base.SeleniumBase.takeSnap(SeleniumBase.java:966)
	at com.framework.utils.ExtentReporter.reportStep(ExtentReporter.java:85)
	at com.framework.utils.ExtentReporter.reportStep(ExtentReporter.java:118)
	at com.framework.selenium.api.base.SeleniumBase.takeSnap(SeleniumBase.java:966)
	at com.framework.utils.ExtentReporter.reportStep(ExtentReporter.java:85)
	at com.framework.utils.ExtentReporter.reportStep(ExtentReporter.java:118)
	at com.framework.selenium.api.base.SeleniumBase.takeSnap(SeleniumBase.java:966)
	at com.framework.utils.ExtentReporter.reportStep(ExtentReporter.java:85)
	at com.framework.utils.ExtentReporter.reportStep(ExtentReporter.java:118)
	at com.framework.selenium.api.base.SeleniumBase.takeSnap(SeleniumBase.java:966)
	at com.framework.utils.ExtentReporter.reportStep(ExtentReporter.java:85)
	at com.framework.utils.ExtentReporter.reportStep(ExtentReporter.java:118)
	at com.framework.selenium.api.base.SeleniumBase.takeSnap(SeleniumBase.java:966)
	at com.framework.utils.ExtentReporter.reportStep(ExtentReporter.java:85)
	at com.framework.utils.ExtentReporter.reportStep(ExtentReporter.java:118)
	at com.framework.selenium.api.base.SeleniumBase.takeSnap(SeleniumBase.java:966)
	at com.framework.utils.ExtentReporter.reportStep(ExtentReporter.java:85)
	at com.framework.utils.ExtentReporter.reportStep(ExtentReporter.java:118)
	at com.framework.selenium.api.base.SeleniumBase.takeSnap(SeleniumBase.java:966)
	at com.framework.utils.ExtentReporter.reportStep(ExtentReporter.java:85)
	at com.framework.utils.ExtentReporter.reportStep(ExtentReporter.java:118)
	at com.framework.selenium.api.base.SeleniumBase.takeSnap(SeleniumBase.java:966)
	at com.framework.utils.ExtentReporter.reportStep(ExtentReporter.java:85)
	at com.framework.utils.ExtentReporter.reportStep(ExtentReporter.java:118)
	at com.framework.selenium.api.base.SeleniumBase.takeSnap(SeleniumBase.java:966)
	at com.framework.utils.ExtentReporter.reportStep(ExtentReporter.java:85)
	at com.framework.utils.ExtentReporter.reportStep(ExtentReporter.java:118)
	at com.framework.selenium.api.base.SeleniumBase.takeSnap(SeleniumBase.java:966)
	at com.framework.utils.ExtentReporter.reportStep(ExtentReporter.java:85)
	at com.framework.utils.ExtentReporter.reportStep(ExtentReporter.java:118)
	at com.framework.selenium.api.base.SeleniumBase.takeSnap(SeleniumBase.java:966)
	at com.framework.utils.ExtentReporter.reportStep(ExtentReporter.java:85)
	at com.framework.utils.ExtentReporter.reportStep(ExtentReporter.java:118)
	at com.framework.selenium.api.base.SeleniumBase.takeSnap(SeleniumBase.java:966)
	at com.framework.utils.ExtentReporter.reportStep(ExtentReporter.java:85)
	at com.framework.utils.ExtentReporter.reportStep(ExtentReporter.java:118)
	at com.framework.selenium.api.base.SeleniumBase.takeSnap(SeleniumBase.java:966)
	at com.framework.utils.ExtentReporter.reportStep(ExtentReporter.java:85)
	at com.framework.utils.ExtentReporter.reportStep(ExtentReporter.java:118)
	at com.framework.selenium.api.base.SeleniumBase.takeSnap(SeleniumBase.java:966)
	at com.framework.utils.ExtentReporter.reportStep(ExtentReporter.java:85)
	at com.framework.utils.ExtentReporter.reportStep(ExtentReporter.java:118)
	at com.framework.selenium.api.base.SeleniumBase.takeSnap(SeleniumBase.java:966)
	at com.framework.utils.ExtentReporter.reportStep(ExtentReporter.java:85)
	at com.framework.utils.ExtentReporter.reportStep(ExtentReporter.java:118)
	at com.framework.selenium.api.base.SeleniumBase.takeSnap(SeleniumBase.java:966)
	at com.framework.utils.ExtentReporter.reportStep(ExtentReporter.java:85)
	at com.framework.utils.ExtentReporter.reportStep(ExtentReporter.java:118)
	at com.framework.selenium.api.base.SeleniumBase.takeSnap(SeleniumBase.java:966)
	at com.framework.utils.ExtentReporter.reportStep(ExtentReporter.java:85)
	at com.framework.utils.ExtentReporter.reportStep(ExtentReporter.java:118)
	at com.framework.selenium.api.base.SeleniumBase.takeSnap(SeleniumBase.java:966)
	at com.framework.utils.ExtentReporter.reportStep(ExtentReporter.java:85)
	at com.framework.utils.ExtentReporter.reportStep(ExtentReporter.java:118)
	at com.framework.selenium.api.base.SeleniumBase.takeSnap(SeleniumBase.java:966)
	at com.framework.utils.ExtentReporter.reportStep(ExtentReporter.java:85)
	at com.framework.utils.ExtentReporter.reportStep(ExtentReporter.java:118)
	at com.framework.selenium.api.base.SeleniumBase.takeSnap(SeleniumBase.java:966)
	at com.framework.utils.ExtentReporter.reportStep(ExtentReporter.java:85)
	at com.framework.utils.ExtentReporter.reportStep(ExtentReporter.java:118)
	at com.framework.selenium.api.base.SeleniumBase.takeSnap(SeleniumBase.java:966)
	at com.framework.utils.ExtentReporter.reportStep(ExtentReporter.java:85)
	at com.framework.utils.ExtentReporter.reportStep(ExtentReporter.java:118)
	at com.framework.selenium.api.base.SeleniumBase.takeSnap(SeleniumBase.java:966)
	at com.framework.utils.ExtentReporter.reportStep(ExtentReporter.java:85)
	at com.framework.utils.ExtentReporter.reportStep(ExtentReporter.java:118)
	at com.framework.selenium.api.base.SeleniumBase.takeSnap(SeleniumBase.java:966)
	at com.framework.utils.ExtentReporter.reportStep(ExtentReporter.java:85)
	at com.framework.utils.ExtentReporter.reportStep(ExtentReporter.java:118)
	at com.framework.selenium.api.base.SeleniumBase.takeSnap(SeleniumBase.java:966)
	at com.framework.utils.ExtentReporter.reportStep(ExtentReporter.java:85)
	at com.framework.utils.ExtentReporter.reportStep(ExtentReporter.java:118)
	at com.framework.selenium.api.base.SeleniumBase.takeSnap(SeleniumBase.java:966)
	at com.framework.utils.ExtentReporter.reportStep(ExtentReporter.java:85)
	at com.framework.utils.ExtentReporter.reportStep(ExtentReporter.java:118)
	at com.framework.selenium.api.base.SeleniumBase.takeSnap(SeleniumBase.java:966)
	at com.framework.utils.ExtentReporter.reportStep(ExtentReporter.java:85)
	at com.framework.utils.ExtentReporter.reportStep(ExtentReporter.java:118)
	at com.framework.selenium.api.base.SeleniumBase.takeSnap(SeleniumBase.java:966)
	at com.framework.utils.ExtentReporter.reportStep(ExtentReporter.java:85)
	at com.framework.utils.ExtentReporter.reportStep(ExtentReporter.java:118)
	at com.framework.selenium.api.base.SeleniumBase.takeSnap(SeleniumBase.java:966)
	at com.framework.utils.ExtentReporter.reportStep(ExtentReporter.java:85)
	at com.framework.utils.ExtentReporter.reportStep(ExtentReporter.java:118)
	at com.framework.selenium.api.base.SeleniumBase.takeSnap(SeleniumBase.java:966)
	at com.framework.utils.ExtentReporter.reportStep(ExtentReporter.java:85)
	at com.framework.utils.ExtentReporter.reportStep(ExtentReporter.java:118)
	at com.framework.selenium.api.base.SeleniumBase.takeSnap(SeleniumBase.java:966)
	at com.framework.utils.ExtentReporter.reportStep(ExtentReporter.java:85)
	at com.framework.utils.ExtentReporter.reportStep(ExtentReporter.java:118)
	at com.framework.selenium.api.base.SeleniumBase.takeSnap(SeleniumBase.java:966)
	at com.framework.utils.ExtentReporter.reportStep(ExtentReporter.java:85)
	at com.framework.utils.ExtentReporter.reportStep(ExtentReporter.java:118)
	at com.framework.selenium.api.base.SeleniumBase.takeSnap(SeleniumBase.java:966)
	at com.framework.utils.ExtentReporter.reportStep(ExtentReporter.java:85)
	at com.framework.utils.ExtentReporter.reportStep(ExtentReporter.java:118)
	at com.framework.selenium.api.base.SeleniumBase.takeSnap(SeleniumBase.java:966)
	at com.framework.utils.ExtentReporter.reportStep(ExtentReporter.java:85)
	at com.framework.utils.ExtentReporter.reportStep(ExtentReporter.java:118)
	at com.framework.selenium.api.base.SeleniumBase.takeSnap(SeleniumBase.java:966)
	at com.framework.utils.ExtentReporter.reportStep(ExtentReporter.java:85)
	at com.framework.utils.ExtentReporter.reportStep(ExtentReporter.java:118)
	at com.framework.selenium.api.base.SeleniumBase.takeSnap(SeleniumBase.java:966)
	at com.framework.utils.ExtentReporter.reportStep(ExtentReporter.java:85)
	at com.framework.utils.ExtentReporter.reportStep(ExtentReporter.java:118)
	at com.framework.selenium.api.base.SeleniumBase.takeSnap(SeleniumBase.java:966)
	at com.framework.utils.ExtentReporter.reportStep(ExtentReporter.java:85)
	at com.framework.utils.ExtentReporter.reportStep(ExtentReporter.java:118)
	at com.framework.selenium.api.base.SeleniumBase.takeSnap(SeleniumBase.java:966)
	at com.framework.utils.ExtentReporter.reportStep(ExtentReporter.java:85)
	at com.framework.utils.ExtentReporter.reportStep(ExtentReporter.java:118)
	at com.framework.selenium.api.base.SeleniumBase.takeSnap(SeleniumBase.java:966)
	at com.framework.utils.ExtentReporter.reportStep(ExtentReporter.java:85)
	at com.framework.utils.ExtentReporter.reportStep(ExtentReporter.java:118)
	at com.framework.selenium.api.base.SeleniumBase.takeSnap(SeleniumBase.java:966)
	at com.framework.utils.ExtentReporter.reportStep(ExtentReporter.java:85)
	at com.framework.utils.ExtentReporter.reportStep(ExtentReporter.java:118)
	at com.framework.selenium.api.base.SeleniumBase.takeSnap(SeleniumBase.java:966)
	at com.framework.utils.ExtentReporter.reportStep(ExtentReporter.java:85)
	at com.framework.utils.ExtentReporter.reportStep(ExtentReporter.java:118)
	at com.framework.selenium.api.base.SeleniumBase.takeSnap(SeleniumBase.java:966)
	at com.framework.utils.ExtentReporter.reportStep(ExtentReporter.java:85)
	at com.framework.utils.ExtentReporter.reportStep(ExtentReporter.java:118)
	at com.framework.selenium.api.base.SeleniumBase.takeSnap(SeleniumBase.java:966)
	at com.framework.utils.ExtentReporter.reportStep(ExtentReporter.java:85)
	at com.framework.utils.ExtentReporter.reportStep(ExtentReporter.java:118)
	at com.framework.selenium.api.base.SeleniumBase.takeSnap(SeleniumBase.java:966)
	at com.framework.utils.ExtentReporter.reportStep(ExtentReporter.java:85)
	at com.framework.utils.ExtentReporter.reportStep(ExtentReporter.java:118)
	at com.framework.selenium.api.base.SeleniumBase.takeSnap(SeleniumBase.java:966)
	at com.framework.utils.ExtentReporter.reportStep(ExtentReporter.java:85)
	at com.framework.utils.ExtentReporter.reportStep(ExtentReporter.java:118)
	at com.framework.selenium.api.base.SeleniumBase.takeSnap(SeleniumBase.java:966)
	at com.framework.utils.ExtentReporter.reportStep(ExtentReporter.java:85)
	at com.framework.utils.ExtentReporter.reportStep(ExtentReporter.java:118)
	at com.framework.selenium.api.base.SeleniumBase.takeSnap(SeleniumBase.java:966)
	at com.framework.utils.ExtentReporter.reportStep(ExtentReporter.java:85)
	at com.framework.utils.ExtentReporter.reportStep(ExtentReporter.java:118)
	at com.framework.selenium.api.base.SeleniumBase.takeSnap(SeleniumBase.java:966)
	at com.framework.utils.ExtentReporter.reportStep(ExtentReporter.java:85)
	at com.framework.utils.ExtentReporter.reportStep(ExtentReporter.java:118)
	at com.framework.selenium.api.base.SeleniumBase.takeSnap(SeleniumBase.java:966)
	at com.framework.utils.ExtentReporter.reportStep(ExtentReporter.java:85)
	at com.framework.utils.ExtentReporter.reportStep(ExtentReporter.java:118)
	at com.framework.selenium.api.base.SeleniumBase.takeSnap(SeleniumBase.java:966)
	at com.framework.utils.ExtentReporter.reportStep(ExtentReporter.java:85)
	at com.framework.utils.ExtentReporter.reportStep(ExtentReporter.java:118)
	at com.framework.selenium.api.base.SeleniumBase.takeSnap(SeleniumBase.java:966)
	at com.framework.utils.ExtentReporter.reportStep(ExtentReporter.java:85)
	at com.framework.utils.ExtentReporter.reportStep(ExtentReporter.java:118)
	at com.framework.selenium.api.base.SeleniumBase.takeSnap(SeleniumBase.java:966)
	at com.framework.utils.ExtentReporter.reportStep(ExtentReporter.java:85)
	at com.framework.utils.ExtentReporter.reportStep(ExtentReporter.java:118)
	at com.framework.selenium.api.base.SeleniumBase.takeSnap(SeleniumBase.java:966)
	at com.framework.utils.ExtentReporter.reportStep(ExtentReporter.java:85)
	at com.framework.utils.ExtentReporter.reportStep(ExtentReporter.java:118)
	at com.framework.selenium.api.base.SeleniumBase.takeSnap(SeleniumBase.java:966)
	at com.framework.utils.ExtentReporter.reportStep(ExtentReporter.java:85)
	at com.framework.utils.ExtentReporter.reportStep(ExtentReporter.java:118)
	at com.framework.selenium.api.base.SeleniumBase.takeSnap(SeleniumBase.java:966)
	at com.framework.utils.ExtentReporter.reportStep(ExtentReporter.java:85)
	at com.framework.utils.ExtentReporter.reportStep(ExtentReporter.java:118)
	at com.framework.selenium.api.base.SeleniumBase.takeSnap(SeleniumBase.java:966)
	at com.framework.utils.ExtentReporter.reportStep(ExtentReporter.java:85)
	at com.framework.utils.ExtentReporter.reportStep(ExtentReporter.java:118)
	at com.framework.selenium.api.base.SeleniumBase.takeSnap(SeleniumBase.java:966)
	at com.framework.utils.ExtentReporter.reportStep(ExtentReporter.java:85)
	at com.framework.utils.ExtentReporter.reportStep(ExtentReporter.java:118)
	at com.framework.selenium.api.base.SeleniumBase.takeSnap(SeleniumBase.java:966)
	at com.framework.utils.ExtentReporter.reportStep(ExtentReporter.java:85)
	at com.framework.utils.ExtentReporter.reportStep(ExtentReporter.java:118)
	at com.framework.selenium.api.base.SeleniumBase.takeSnap(SeleniumBase.java:966)
	at com.framework.utils.ExtentReporter.reportStep(ExtentReporter.java:85)
	at com.framework.utils.ExtentReporter.reportStep(ExtentReporter.java:118)
	at com.framework.selenium.api.base.SeleniumBase.takeSnap(SeleniumBase.java:966)
	at com.framework.utils.ExtentReporter.reportStep(ExtentReporter.java:85)
	at com.framework.utils.ExtentReporter.reportStep(ExtentReporter.java:118)
	at com.framework.selenium.api.base.SeleniumBase.takeSnap(SeleniumBase.java:966)
	at com.framework.utils.ExtentReporter.reportStep(ExtentReporter.java:85)
	at com.framework.utils.ExtentReporter.reportStep(ExtentReporter.java:118)
	at com.framework.selenium.api.base.SeleniumBase.takeSnap(SeleniumBase.java:966)
	at com.framework.utils.ExtentReporter.reportStep(ExtentReporter.java:85)
	at com.framework.utils.ExtentReporter.reportStep(ExtentReporter.java:118)
	at com.framework.selenium.api.base.SeleniumBase.takeSnap(SeleniumBase.java:966)
	at com.framework.utils.ExtentReporter.reportStep(ExtentReporter.java:85)
	at com.framework.utils.ExtentReporter.reportStep(ExtentReporter.java:118)
	at com.framework.selenium.api.base.SeleniumBase.takeSnap(SeleniumBase.java:966)
	at com.framework.utils.ExtentReporter.reportStep(ExtentReporter.java:85)
	at com.framework.utils.ExtentReporter.reportStep(ExtentReporter.java:118)
	at com.framework.selenium.api.base.SeleniumBase.takeSnap(SeleniumBase.java:966)
	at com.framework.utils.ExtentReporter.reportStep(ExtentReporter.java:85)
	at com.framework.utils.ExtentReporter.reportStep(ExtentReporter.java:118)
	at com.framework.selenium.api.base.SeleniumBase.takeSnap(SeleniumBase.java:966)
	at com.framework.utils.ExtentReporter.reportStep(ExtentReporter.java:85)
	at com.framework.utils.ExtentReporter.reportStep(ExtentReporter.java:118)
	at com.framework.selenium.api.base.SeleniumBase.takeSnap(SeleniumBase.java:966)
	at com.framework.utils.ExtentReporter.reportStep(ExtentReporter.java:85)
	at com.framework.utils.ExtentReporter.reportStep(ExtentReporter.java:118)
	at com.framework.selenium.api.base.SeleniumBase.takeSnap(SeleniumBase.java:966)
	at com.framework.utils.ExtentReporter.reportStep(ExtentReporter.java:85)
	at com.framework.utils.ExtentReporter.reportStep(ExtentReporter.java:118)
	at com.framework.selenium.api.base.SeleniumBase.takeSnap(SeleniumBase.java:966)
	at com.framework.utils.ExtentReporter.reportStep(ExtentReporter.java:85)
	at com.framework.utils.ExtentReporter.reportStep(ExtentReporter.java:118)
	at com.framework.selenium.api.base.SeleniumBase.takeSnap(SeleniumBase.java:966)
	at com.framework.utils.ExtentReporter.reportStep(ExtentReporter.java:85)
	at com.framework.utils.ExtentReporter.reportStep(ExtentReporter.java:118)
	at com.framework.selenium.api.base.SeleniumBase.takeSnap(SeleniumBase.java:966)
	at com.framework.utils.ExtentReporter.reportStep(ExtentReporter.java:85)
	at com.framework.utils.ExtentReporter.reportStep(ExtentReporter.java:118)
	at com.framework.selenium.api.base.SeleniumBase.takeSnap(SeleniumBase.java:966)
	at com.framework.utils.ExtentReporter.reportStep(ExtentReporter.java:85)
	at com.framework.utils.ExtentReporter.reportStep(ExtentReporter.java:118)
	at com.framework.selenium.api.base.SeleniumBase.takeSnap(SeleniumBase.java:966)
	at com.framework.utils.ExtentReporter.reportStep(ExtentReporter.java:85)
	at com.framework.utils.ExtentReporter.reportStep(ExtentReporter.java:118)
	at com.framework.selenium.api.base.SeleniumBase.takeSnap(SeleniumBase.java:966)
	at com.framework.utils.ExtentReporter.reportStep(ExtentReporter.java:85)
	at com.framework.utils.ExtentReporter.reportStep(ExtentReporter.java:118)
	at com.framework.selenium.api.base.SeleniumBase.takeSnap(SeleniumBase.java:966)
	at com.framework.utils.ExtentReporter.reportStep(ExtentReporter.java:85)
	at com.framework.utils.ExtentReporter.reportStep(ExtentReporter.java:118)
	at com.framework.selenium.api.base.SeleniumBase.takeSnap(SeleniumBase.java:966)
	at com.framework.utils.ExtentReporter.reportStep(ExtentReporter.java:85)
	at com.framework.utils.ExtentReporter.reportStep(ExtentReporter.java:118)
	at com.framework.selenium.api.base.SeleniumBase.takeSnap(SeleniumBase.java:966)
	at com.framework.utils.ExtentReporter.reportStep(ExtentReporter.java:85)
	at com.framework.utils.ExtentReporter.reportStep(ExtentReporter.java:118)
	at com.framework.selenium.api.base.SeleniumBase.takeSnap(SeleniumBase.java:966)
	at com.framework.utils.ExtentReporter.reportStep(ExtentReporter.java:85)
	at com.framework.utils.ExtentReporter.reportStep(ExtentReporter.java:118)
	at com.framework.selenium.api.base.SeleniumBase.takeSnap(SeleniumBase.java:966)
	at com.framework.utils.ExtentReporter.reportStep(ExtentReporter.java:85)
	at com.framework.utils.ExtentReporter.reportStep(ExtentReporter.java:118)
	at com.framework.selenium.api.base.SeleniumBase.takeSnap(SeleniumBase.java:966)
	at com.framework.utils.ExtentReporter.reportStep(ExtentReporter.java:85)
	at com.framework.utils.ExtentReporter.reportStep(ExtentReporter.java:118)
	at com.framework.selenium.api.base.SeleniumBase.takeSnap(SeleniumBase.java:966)
	at com.framework.utils.ExtentReporter.reportStep(ExtentReporter.java:85)
	at com.framework.utils.ExtentReporter.reportStep(ExtentReporter.java:118)
	at com.framework.selenium.api.base.SeleniumBase.takeSnap(SeleniumBase.java:966)
	at com.framework.utils.ExtentReporter.reportStep(ExtentReporter.java:85)
	at com.framework.utils.ExtentReporter.reportStep(ExtentReporter.java:118)
	at com.framework.selenium.api.base.SeleniumBase.takeSnap(SeleniumBase.java:966)
	at com.framework.utils.ExtentReporter.reportStep(ExtentReporter.java:85)
	at com.framework.utils.ExtentReporter.reportStep(ExtentReporter.java:118)
	at com.framework.selenium.api.base.SeleniumBase.takeSnap(SeleniumBase.java:966)
	at com.framework.utils.ExtentReporter.reportStep(ExtentReporter.java:85)
	at com.framework.utils.ExtentReporter.reportStep(ExtentReporter.java:118)
	at com.framework.selenium.api.base.SeleniumBase.takeSnap(SeleniumBase.java:966)
	at com.framework.utils.ExtentReporter.reportStep(ExtentReporter.java:85)
	at com.framework.utils.ExtentReporter.reportStep(ExtentReporter.java:118)
	at com.framework.selenium.api.base.SeleniumBase.takeSnap(SeleniumBase.java:966)
	at com.framework.utils.ExtentReporter.reportStep(ExtentReporter.java:85)
	at com.framework.utils.ExtentReporter.reportStep(ExtentReporter.java:118)
	at com.framework.selenium.api.base.SeleniumBase.takeSnap(SeleniumBase.java:966)
	at com.framework.utils.ExtentReporter.reportStep(ExtentReporter.java:85)
	at com.framework.utils.ExtentReporter.reportStep(ExtentReporter.java:118)
	at com.framework.selenium.api.base.SeleniumBase.takeSnap(SeleniumBase.java:966)
	at com.framework.utils.ExtentReporter.reportStep(ExtentReporter.java:85)
	at com.framework.utils.ExtentReporter.reportStep(ExtentReporter.java:118)
	at com.framework.selenium.api.base.SeleniumBase.takeSnap(SeleniumBase.java:966)
	at com.framework.utils.ExtentReporter.reportStep(ExtentReporter.java:85)
	at com.framework.utils.ExtentReporter.reportStep(ExtentReporter.java:118)
	at com.framework.selenium.api.base.SeleniumBase.takeSnap(SeleniumBase.java:966)
	at com.framework.utils.ExtentReporter.reportStep(ExtentReporter.java:85)
	at com.framework.utils.ExtentReporter.reportStep(ExtentReporter.java:118)
	at com.framework.selenium.api.base.SeleniumBase.takeSnap(SeleniumBase.java:966)
	at com.framework.utils.ExtentReporter.reportStep(ExtentReporter.java:85)
	at com.framework.utils.ExtentReporter.reportStep(ExtentReporter.java:118)
	at com.framework.selenium.api.base.SeleniumBase.takeSnap(SeleniumBase.java:966)
	at com.framework.utils.ExtentReporter.reportStep(ExtentReporter.java:85)
	at com.framework.utils.ExtentReporter.reportStep(ExtentReporter.java:118)
	at com.framework.selenium.api.base.SeleniumBase.takeSnap(SeleniumBase.java:966)
	at com.framework.utils.ExtentReporter.reportStep(ExtentReporter.java:85)
	at com.framework.utils.ExtentReporter.reportStep(ExtentReporter.java:118)
	at com.framework.selenium.api.base.SeleniumBase.takeSnap(SeleniumBase.java:966)
	at com.framework.utils.ExtentReporter.reportStep(ExtentReporter.java:85)
	at com.framework.utils.ExtentReporter.reportStep(ExtentReporter.java:118)
	at com.framework.selenium.api.base.SeleniumBase.takeSnap(SeleniumBase.java:966)
	at com.framework.utils.ExtentReporter.reportStep(ExtentReporter.java:85)
	at com.framework.utils.ExtentReporter.reportStep(ExtentReporter.java:118)
	at com.framework.selenium.api.base.SeleniumBase.takeSnap(SeleniumBase.java:966)
	at com.framework.utils.ExtentReporter.reportStep(ExtentReporter.java:85)
	at com.framework.utils.ExtentReporter.reportStep(ExtentReporter.java:118)
	at com.framework.selenium.api.base.SeleniumBase.takeSnap(SeleniumBase.java:966)
	at com.framework.utils.ExtentReporter.reportStep(ExtentReporter.java:85)
	at com.framework.utils.ExtentReporter.reportStep(ExtentReporter.java:118)
	at com.framework.selenium.api.base.SeleniumBase.takeSnap(SeleniumBase.java:966)
	at com.framework.utils.ExtentReporter.reportStep(ExtentReporter.java:85)
	at com.framework.utils.ExtentReporter.reportStep(ExtentReporter.java:118)
	at com.framework.selenium.api.base.SeleniumBase.takeSnap(SeleniumBase.java:966)
	at com.framework.utils.ExtentReporter.reportStep(ExtentReporter.java:85)
	at com.framework.utils.ExtentReporter.reportStep(ExtentReporter.java:118)
	at com.framework.selenium.api.base.SeleniumBase.takeSnap(SeleniumBase.java:966)
	at com.framework.utils.ExtentReporter.reportStep(ExtentReporter.java:85)
	at com.framework.utils.ExtentReporter.reportStep(ExtentReporter.java:118)
	at com.framework.selenium.api.base.SeleniumBase.takeSnap(SeleniumBase.java:966)
	at com.framework.utils.ExtentReporter.reportStep(ExtentReporter.java:85)
	at com.framework.utils.ExtentReporter.reportStep(ExtentReporter.java:118)
	at com.framework.selenium.api.base.SeleniumBase.takeSnap(SeleniumBase.java:966)
	at com.framework.utils.ExtentReporter.reportStep(ExtentReporter.java:85)
	at com.framework.utils.ExtentReporter.reportStep(ExtentReporter.java:118)
	at com.framework.selenium.api.base.SeleniumBase.takeSnap(SeleniumBase.java:966)
	at com.framework.utils.ExtentReporter.reportStep(ExtentReporter.java:85)
	at com.framework.utils.ExtentReporter.reportStep(ExtentReporter.java:118)
	at com.framework.selenium.api.base.SeleniumBase.takeSnap(SeleniumBase.java:966)
	at com.framework.utils.ExtentReporter.reportStep(ExtentReporter.java:85)
	at com.framework.utils.ExtentReporter.reportStep(ExtentReporter.java:118)
	at com.framework.selenium.api.base.SeleniumBase.takeSnap(SeleniumBase.java:966)
	at com.framework.utils.ExtentReporter.reportStep(ExtentReporter.java:85)
	at com.framework.utils.ExtentReporter.reportStep(ExtentReporter.java:118)
	at com.framework.selenium.api.base.SeleniumBase.takeSnap(SeleniumBase.java:966)
	at com.framework.utils.ExtentReporter.reportStep(ExtentReporter.java:85)
	at com.framework.utils.ExtentReporter.reportStep(ExtentReporter.java:118)
	at com.framework.selenium.api.base.SeleniumBase.takeSnap(SeleniumBase.java:966)
	at com.framework.utils.ExtentReporter.reportStep(ExtentReporter.java:85)
	at com.framework.utils.ExtentReporter.reportStep(ExtentReporter.java:118)
	at com.framework.selenium.api.base.SeleniumBase.takeSnap(SeleniumBase.java:966)
	at com.framework.utils.ExtentReporter.reportStep(ExtentReporter.java:85)
	at com.framework.utils.ExtentReporter.reportStep(ExtentReporter.java:118)
	at com.framework.selenium.api.base.SeleniumBase.takeSnap(SeleniumBase.java:966)
	at com.framework.utils.ExtentReporter.reportStep(ExtentReporter.java:85)
	at com.framework.utils.ExtentReporter.reportStep(ExtentReporter.java:118)
	at com.framework.selenium.api.base.SeleniumBase.takeSnap(SeleniumBase.java:966)
	at com.framework.utils.ExtentReporter.reportStep(ExtentReporter.java:85)
	at com.framework.utils.ExtentReporter.reportStep(ExtentReporter.java:118)
	at com.framework.selenium.api.base.SeleniumBase.takeSnap(SeleniumBase.java:966)
	at com.framework.utils.ExtentReporter.reportStep(ExtentReporter.java:85)
	at com.framework.utils.ExtentReporter.reportStep(ExtentReporter.java:118)
	at com.framework.selenium.api.base.SeleniumBase.takeSnap(SeleniumBase.java:966)
	at com.framework.utils.ExtentReporter.reportStep(ExtentReporter.java:85)
	at com.framework.utils.ExtentReporter.reportStep(ExtentReporter.java:118)
	at com.framework.selenium.api.base.SeleniumBase.takeSnap(SeleniumBase.java:966)
	at com.framework.utils.ExtentReporter.reportStep(ExtentReporter.java:85)
	at com.framework.utils.ExtentReporter.reportStep(ExtentReporter.java:118)
	at com.framework.selenium.api.base.SeleniumBase.takeSnap(SeleniumBase.java:966)
	at com.framework.utils.ExtentReporter.reportStep(ExtentReporter.java:85)
	at com.framework.utils.ExtentReporter.reportStep(ExtentReporter.java:118)
	at com.framework.selenium.api.base.SeleniumBase.takeSnap(SeleniumBase.java:966)
	at com.framework.utils.ExtentReporter.reportStep(ExtentReporter.java:85)
	at com.framework.utils.ExtentReporter.reportStep(ExtentReporter.java:118)
	at com.framework.selenium.api.base.SeleniumBase.takeSnap(SeleniumBase.java:966)
	at com.framework.utils.ExtentReporter.reportStep(ExtentReporter.java:85)
	at com.framework.utils.ExtentReporter.reportStep(ExtentReporter.java:118)
	at com.framework.selenium.api.base.SeleniumBase.takeSnap(SeleniumBase.java:966)
	at com.framework.utils.ExtentReporter.reportStep(ExtentReporter.java:85)
	at com.framework.utils.ExtentReporter.reportStep(ExtentReporter.java:118)
	at com.framework.selenium.api.base.SeleniumBase.takeSnap(SeleniumBase.java:966)
	at com.framework.utils.ExtentReporter.reportStep(ExtentReporter.java:85)
	at com.framework.utils.ExtentReporter.reportStep(ExtentReporter.java:118)
	at com.framework.selenium.api.base.SeleniumBase.takeSnap(SeleniumBase.java:966)
	at com.framework.utils.ExtentReporter.reportStep(ExtentReporter.java:85)
	at com.framework.utils.ExtentReporter.reportStep(ExtentReporter.java:118)
	at com.framework.selenium.api.base.SeleniumBase.takeSnap(SeleniumBase.java:966)
	at com.framework.utils.ExtentReporter.reportStep(ExtentReporter.java:85)
	at com.framework.utils.ExtentReporter.reportStep(ExtentReporter.java:118)
	at com.framework.selenium.api.base.SeleniumBase.takeSnap(SeleniumBase.java:966)
	at com.framework.utils.ExtentReporter.reportStep(ExtentReporter.java:85)
	at com.framework.utils.ExtentReporter.reportStep(ExtentReporter.java:118)
	at com.framework.selenium.api.base.SeleniumBase.takeSnap(SeleniumBase.java:966)
	at com.framework.utils.ExtentReporter.reportStep(ExtentReporter.java:85)
	at com.framework.utils.ExtentReporter.reportStep(ExtentReporter.java:118)
	at com.framework.selenium.api.base.SeleniumBase.takeSnap(SeleniumBase.java:966)
	at com.framework.utils.ExtentReporter.reportStep(ExtentReporter.java:85)
	at com.framework.utils.ExtentReporter.reportStep(ExtentReporter.java:118)
	at com.framework.selenium.api.base.SeleniumBase.takeSnap(SeleniumBase.java:966)
	at com.framework.utils.ExtentReporter.reportStep(ExtentReporter.java:85)
	at com.framework.utils.ExtentReporter.reportStep(ExtentReporter.java:118)
	at com.framework.selenium.api.base.SeleniumBase.takeSnap(SeleniumBase.java:966)
	at com.framework.utils.ExtentReporter.reportStep(ExtentReporter.java:85)
	at com.framework.utils.ExtentReporter.reportStep(ExtentReporter.java:118)
	at com.framework.selenium.api.base.SeleniumBase.takeSnap(SeleniumBase.java:966)
	at com.framework.utils.ExtentReporter.reportStep(ExtentReporter.java:85)
	at com.framework.utils.ExtentReporter.reportStep(ExtentReporter.java:118)
	at com.framework.selenium.api.base.SeleniumBase.takeSnap(SeleniumBase.java:966)
	at com.framework.utils.ExtentReporter.reportStep(ExtentReporter.java:85)
	at com.framework.utils.ExtentReporter.reportStep(ExtentReporter.java:118)
	at com.framework.selenium.api.base.SeleniumBase.takeSnap(SeleniumBase.java:966)
	at com.framework.utils.ExtentReporter.reportStep(ExtentReporter.java:85)
	at com.framework.utils.ExtentReporter.reportStep(ExtentReporter.java:118)
	at com.framework.selenium.api.base.SeleniumBase.takeSnap(SeleniumBase.java:966)
	at com.framework.utils.ExtentReporter.reportStep(ExtentReporter.java:85)
	at com.framework.utils.ExtentReporter.reportStep(ExtentReporter.java:118)
	at com.framework.selenium.api.base.SeleniumBase.takeSnap(SeleniumBase.java:966)
	at com.framework.utils.ExtentReporter.reportStep(ExtentReporter.java:85)
	at com.framework.utils.ExtentReporter.reportStep(ExtentReporter.java:118)
	at com.framework.selenium.api.base.SeleniumBase.takeSnap(SeleniumBase.java:966)
	at com.framework.utils.ExtentReporter.reportStep(ExtentReporter.java:85)
	at com.framework.utils.ExtentReporter.reportStep(ExtentReporter.java:118)
	at com.framework.selenium.api.base.SeleniumBase.takeSnap(SeleniumBase.java:966)
	at com.framework.utils.ExtentReporter.reportStep(ExtentReporter.java:85)
	at com.framework.utils.ExtentReporter.reportStep(ExtentReporter.java:118)
	at com.framework.selenium.api.base.SeleniumBase.takeSnap(SeleniumBase.java:966)
	at com.framework.utils.ExtentReporter.reportStep(ExtentReporter.java:85)
	at com.framework.utils.ExtentReporter.reportStep(ExtentReporter.java:118)
	at com.framework.selenium.api.base.SeleniumBase.takeSnap(SeleniumBase.java:966)
	at com.framework.utils.ExtentReporter.reportStep(ExtentReporter.java:85)
	at com.framework.utils.ExtentReporter.reportStep(ExtentReporter.java:118)
	at com.framework.selenium.api.base.SeleniumBase.takeSnap(SeleniumBase.java:966)
	at com.framework.utils.ExtentReporter.reportStep(ExtentReporter.java:85)
	at com.framework.utils.ExtentReporter.reportStep(ExtentReporter.java:118)
	at com.framework.selenium.api.base.SeleniumBase.takeSnap(SeleniumBase.java:966)
	at com.framework.utils.ExtentReporter.reportStep(ExtentReporter.java:85)
	at com.framework.utils.ExtentReporter.reportStep(ExtentReporter.java:118)
	at com.framework.selenium.api.base.SeleniumBase.takeSnap(SeleniumBase.java:966)
	at com.framework.utils.ExtentReporter.reportStep(ExtentReporter.java:85)
	at com.framework.utils.ExtentReporter.reportStep(ExtentReporter.java:118)
	at com.framework.selenium.api.base.SeleniumBase.takeSnap(SeleniumBase.java:966)
	at com.framework.utils.ExtentReporter.reportStep(ExtentReporter.java:85)
	at com.framework.utils.ExtentReporter.reportStep(ExtentReporter.java:118)
	at com.framework.selenium.api.base.SeleniumBase.takeSnap(SeleniumBase.java:966)
	at com.framework.utils.ExtentReporter.reportStep(ExtentReporter.java:85)
	at com.framework.utils.ExtentReporter.reportStep(ExtentReporter.java:118)
	at com.framework.selenium.api.base.SeleniumBase.takeSnap(SeleniumBase.java:966)
	at com.framework.utils.ExtentReporter.reportStep(ExtentReporter.java:85)
	at com.framework.utils.ExtentReporter.reportStep(ExtentReporter.java:118)
	at com.framework.selenium.api.base.SeleniumBase.takeSnap(SeleniumBase.java:966)
	at com.framework.utils.ExtentReporter.reportStep(ExtentReporter.java:85)
	at com.framework.utils.ExtentReporter.reportStep(ExtentReporter.java:118)
	at com.framework.selenium.api.base.SeleniumBase.takeSnap(SeleniumBase.java:966)
	at com.framework.utils.ExtentReporter.reportStep(ExtentReporter.java:85)
	at com.framework.utils.ExtentReporter.reportStep(ExtentReporter.java:118)
	at com.framework.selenium.api.base.SeleniumBase.takeSnap(SeleniumBase.java:966)
	at com.framework.utils.ExtentReporter.reportStep(ExtentReporter.java:85)
	at com.framework.utils.ExtentReporter.reportStep(ExtentReporter.java:118)
	at com.framework.selenium.api.base.SeleniumBase.takeSnap(SeleniumBase.java:966)
	at com.framework.utils.ExtentReporter.reportStep(ExtentReporter.java:85)
	at com.framework.utils.ExtentReporter.reportStep(ExtentReporter.java:118)
	at com.framework.selenium.api.base.SeleniumBase.takeSnap(SeleniumBase.java:966)
	at com.framework.utils.ExtentReporter.reportStep(ExtentReporter.java:85)
	at com.framework.utils.ExtentReporter.reportStep(ExtentReporter.java:118)
	at com.framework.selenium.api.base.SeleniumBase.takeSnap(SeleniumBase.java:966)
	at com.framework.utils.ExtentReporter.reportStep(ExtentReporter.java:85)
	at com.framework.utils.ExtentReporter.reportStep(ExtentReporter.java:118)
	at com.framework.selenium.api.base.SeleniumBase.takeSnap(SeleniumBase.java:966)
	at com.framework.utils.ExtentReporter.reportStep(ExtentReporter.java:85)
	at com.framework.utils.ExtentReporter.reportStep(ExtentReporter.java:118)
	at com.framework.selenium.api.base.SeleniumBase.takeSnap(SeleniumBase.java:966)
	at com.framework.utils.ExtentReporter.reportStep(ExtentReporter.java:85)
	at com.framework.utils.ExtentReporter.reportStep(ExtentReporter.java:118)
	at com.framework.selenium.api.base.SeleniumBase.takeSnap(SeleniumBase.java:966)
	at com.framework.utils.ExtentReporter.reportStep(ExtentReporter.java:85)
	at com.framework.utils.ExtentReporter.reportStep(ExtentReporter.java:118)
	at com.framework.selenium.api.base.SeleniumBase.takeSnap(SeleniumBase.java:966)
	at com.framework.utils.ExtentReporter.reportStep(ExtentReporter.java:85)
	at com.framework.utils.ExtentReporter.reportStep(ExtentReporter.java:118)
	at com.framework.selenium.api.base.SeleniumBase.takeSnap(SeleniumBase.java:966)
	at com.framework.utils.ExtentReporter.reportStep(ExtentReporter.java:85)
	at com.framework.utils.ExtentReporter.reportStep(ExtentReporter.java:118)
	at com.framework.selenium.api.base.SeleniumBase.takeSnap(SeleniumBase.java:966)
	at com.framework.utils.ExtentReporter.reportStep(ExtentReporter.java:85)
	at com.framework.utils.ExtentReporter.reportStep(ExtentReporter.java:118)
	at com.framework.selenium.api.base.SeleniumBase.takeSnap(SeleniumBase.java:966)
	at com.framework.utils.ExtentReporter.reportStep(ExtentReporter.java:85)
	at com.framework.utils.ExtentReporter.reportStep(ExtentReporter.java:118)
	at com.framework.selenium.api.base.SeleniumBase.takeSnap(SeleniumBase.java:966)
	at com.framework.utils.ExtentReporter.reportStep(ExtentReporter.java:85)
	at com.framework.utils.ExtentReporter.reportStep(ExtentReporter.java:118)
	at com.framework.selenium.api.base.SeleniumBase.takeSnap(SeleniumBase.java:966)
	at com.framework.utils.ExtentReporter.reportStep(ExtentReporter.java:85)
	at com.framework.utils.ExtentReporter.reportStep(ExtentReporter.java:118)
	at com.framework.selenium.api.base.SeleniumBase.takeSnap(SeleniumBase.java:966)
	at com.framework.utils.ExtentReporter.reportStep(ExtentReporter.java:85)
	at com.framework.utils.ExtentReporter.reportStep(ExtentReporter.java:118)
	at com.framework.selenium.api.base.SeleniumBase.takeSnap(SeleniumBase.java:966)
	at com.framework.utils.ExtentReporter.reportStep(ExtentReporter.java:85)
	at com.framework.utils.ExtentReporter.reportStep(ExtentReporter.java:118)
	at com.framework.selenium.api.base.SeleniumBase.takeSnap(SeleniumBase.java:966)
	at com.framework.utils.ExtentReporter.reportStep(ExtentReporter.java:85)
	at com.framework.utils.ExtentReporter.reportStep(ExtentReporter.java:118)
	at com.framework.selenium.api.base.SeleniumBase.takeSnap(SeleniumBase.java:966)
	at com.framework.utils.ExtentReporter.reportStep(ExtentReporter.java:85)
	at com.framework.utils.ExtentReporter.reportStep(ExtentReporter.java:118)
	at com.framework.selenium.api.base.SeleniumBase.takeSnap(SeleniumBase.java:966)
	at com.framework.utils.ExtentReporter.reportStep(ExtentReporter.java:85)
	at com.framework.utils.ExtentReporter.reportStep(ExtentReporter.java:118)
	at com.framework.selenium.api.base.SeleniumBase.takeSnap(SeleniumBase.java:966)
	at com.framework.utils.ExtentReporter.reportStep(ExtentReporter.java:85)
	at com.framework.utils.ExtentReporter.reportStep(ExtentReporter.java:118)
	at com.framework.selenium.api.base.SeleniumBase.takeSnap(SeleniumBase.java:966)
	at com.framework.utils.ExtentReporter.reportStep(ExtentReporter.java:85)
	at com.framework.utils.ExtentReporter.reportStep(ExtentReporter.java:118)
	at com.framework.selenium.api.base.SeleniumBase.takeSnap(SeleniumBase.java:966)
	at com.framework.utils.ExtentReporter.reportStep(ExtentReporter.java:85)
	at com.framework.utils.ExtentReporter.reportStep(ExtentReporter.java:118)
	at com.framework.selenium.api.base.SeleniumBase.takeSnap(SeleniumBase.java:966)
	at com.framework.utils.ExtentReporter.reportStep(ExtentReporter.java:85)
	at com.framework.utils.ExtentReporter.reportStep(ExtentReporter.java:118)
	at com.framework.selenium.api.base.SeleniumBase.takeSnap(SeleniumBase.java:966)
	at com.framework.utils.ExtentReporter.reportStep(ExtentReporter.java:85)
	at com.framework.utils.ExtentReporter.reportStep(ExtentReporter.java:118)
	at com.framework.selenium.api.base.SeleniumBase.takeSnap(SeleniumBase.java:966)
	at com.framework.utils.ExtentReporter.reportStep(ExtentReporter.java:85)
	at com.framework.utils.ExtentReporter.reportStep(ExtentReporter.java:118)
	at com.framework.selenium.api.base.SeleniumBase.takeSnap(SeleniumBase.java:966)
	at com.framework.utils.ExtentReporter.reportStep(ExtentReporter.java:85)
	at com.framework.utils.ExtentReporter.reportStep(ExtentReporter.java:118)
	at com.framework.selenium.api.base.SeleniumBase.takeSnap(SeleniumBase.java:966)
	at com.framework.utils.ExtentReporter.reportStep(ExtentReporter.java:85)
	at com.framework.utils.ExtentReporter.reportStep(ExtentReporter.java:118)
	at com.framework.selenium.api.base.SeleniumBase.takeSnap(SeleniumBase.java:966)
	at com.framework.utils.ExtentReporter.reportStep(ExtentReporter.java:85)
	at com.framework.utils.ExtentReporter.reportStep(ExtentReporter.java:118)
	at com.framework.selenium.api.base.SeleniumBase.takeSnap(SeleniumBase.java:966)
	at com.framework.utils.ExtentReporter.reportStep(ExtentReporter.java:85)
	at com.framework.utils.ExtentReporter.reportStep(ExtentReporter.java:118)
	at com.framework.selenium.api.base.SeleniumBase.takeSnap(SeleniumBase.java:966)
	at com.framework.utils.ExtentReporter.reportStep(ExtentReporter.java:85)
	at com.framework.utils.ExtentReporter.reportStep(ExtentReporter.java:118)
	at com.framework.selenium.api.base.SeleniumBase.takeSnap(SeleniumBase.java:966)
	at com.framework.utils.ExtentReporter.reportStep(ExtentReporter.java:85)
	at com.framework.utils.ExtentReporter.reportStep(ExtentReporter.java:118)
	at com.framework.selenium.api.base.SeleniumBase.takeSnap(SeleniumBase.java:966)
	at com.framework.utils.ExtentReporter.reportStep(ExtentReporter.java:85)
	at com.framework.utils.ExtentReporter.reportStep(ExtentReporter.java:118)
	at com.framework.selenium.api.base.SeleniumBase.takeSnap(SeleniumBase.java:966)
	at com.framework.utils.ExtentReporter.reportStep(ExtentReporter.java:85)
	at com.framework.utils.ExtentReporter.reportStep(ExtentReporter.java:118)
	at com.framework.selenium.api.base.SeleniumBase.takeSnap(SeleniumBase.java:966)
	at com.framework.utils.ExtentReporter.reportStep(ExtentReporter.java:85)
	at com.framework.utils.ExtentReporter.reportStep(ExtentReporter.java:118)
	at com.framework.selenium.api.base.SeleniumBase.takeSnap(SeleniumBase.java:966)
	at com.framework.utils.ExtentReporter.reportStep(ExtentReporter.java:85)
	at com.framework.utils.ExtentReporter.reportStep(ExtentReporter.java:118)
	at com.framework.selenium.api.base.SeleniumBase.takeSnap(SeleniumBase.java:966)
]]>
            </full-stacktrace>
          </exception> <!-- java.lang.StackOverflowError -->
          <reporter-output>
          </reporter-output>
        </test-method> <!-- runTests -->
        <test-method is-config="true" signature="postCondition()[pri:0, instance:com.leaftaps.testcases.OneMg_DOXYCYCLINE_100MG@1be2019a]" started-at="2023-09-26T18:22:08Z" name="postCondition" finished-at="2023-09-26T18:22:13Z" duration-ms="5020" status="PASS">
          <reporter-output>
          </reporter-output>
        </test-method> <!-- postCondition -->
        <test-method is-config="true" signature="updateResult()[pri:0, instance:com.leaftaps.testcases.OneMg_DOXYCYCLINE_100MG@1be2019a]" started-at="2023-09-26T18:22:13Z" name="updateResult" finished-at="2023-09-26T18:22:13Z" duration-ms="61" status="PASS">
          <reporter-output>
          </reporter-output>
        </test-method> <!-- updateResult -->
        <test-method is-config="true" signature="tearDownClass()[pri:0, instance:com.leaftaps.testcases.OneMg_DOXYCYCLINE_100MG@1be2019a]" started-at="2023-09-26T18:22:13Z" name="tearDownClass" finished-at="2023-09-26T18:22:13Z" duration-ms="0" status="PASS">
          <reporter-output>
          </reporter-output>
        </test-method> <!-- tearDownClass -->
      </class> <!-- com.leaftaps.testcases.OneMg_DOXYCYCLINE_100MG -->
      <class name="com.leaftaps.testcases.OneMg_CLINDAMYCIN600MG">
        <test-method is-config="true" signature="startReport()[pri:0, instance:com.leaftaps.testcases.OneMg_CLINDAMYCIN600MG@7857fe2]" started-at="2023-09-26T17:57:13Z" name="startReport" finished-at="2023-09-26T17:57:14Z" duration-ms="384" status="PASS">
          <reporter-output>
          </reporter-output>
        </test-method> <!-- startReport -->
        <test-method is-config="true" signature="setValues()[pri:0, instance:com.leaftaps.testcases.OneMg_CLINDAMYCIN600MG@7857fe2]" started-at="2023-09-26T17:57:14Z" name="setValues" finished-at="2023-09-26T17:57:14Z" duration-ms="0" status="PASS">
          <reporter-output>
          </reporter-output>
        </test-method> <!-- setValues -->
        <test-method is-config="true" signature="setValues()[pri:0, instance:com.leaftaps.testcases.OneMg_DOXYCYCLINE_100MG@1be2019a]" started-at="2023-09-26T17:57:14Z" name="setValues" finished-at="2023-09-26T17:57:14Z" duration-ms="1" status="PASS">
          <reporter-output>
          </reporter-output>
        </test-method> <!-- setValues -->
        <test-method is-config="true" signature="setValues()[pri:0, instance:com.leaftaps.testcases.OneMg_VANCOMYCIN1GM@6f15d60e]" started-at="2023-09-26T17:57:14Z" name="setValues" finished-at="2023-09-26T17:57:14Z" duration-ms="1" status="PASS">
          <reporter-output>
          </reporter-output>
        </test-method> <!-- setValues -->
        <test-method is-config="true" signature="setValues()[pri:0, instance:com.leaftaps.testcases.OneMg_LINEZOLID_600MG300ML@29d80d2b]" started-at="2023-09-26T17:57:14Z" name="setValues" finished-at="2023-09-26T17:57:14Z" duration-ms="0" status="PASS">
          <reporter-output>
          </reporter-output>
        </test-method> <!-- setValues -->
        <test-method is-config="true" signature="setUpClass()[pri:0, instance:com.leaftaps.testcases.OneMg_CLINDAMYCIN600MG@7857fe2]" started-at="2023-09-26T17:57:14Z" name="setUpClass" finished-at="2023-09-26T17:57:14Z" duration-ms="289" status="PASS">
          <reporter-output>
          </reporter-output>
        </test-method> <!-- setUpClass -->
        <test-method is-config="true" signature="startTestCase()[pri:0, instance:com.leaftaps.testcases.OneMg_CLINDAMYCIN600MG@7857fe2]" started-at="2023-09-26T17:57:14Z" name="startTestCase" finished-at="2023-09-26T17:57:14Z" duration-ms="16" status="PASS">
          <reporter-output>
          </reporter-output>
        </test-method> <!-- startTestCase -->
        <test-method is-config="true" signature="preCondition(java.lang.String)[pri:0, instance:com.leaftaps.testcases.OneMg_CLINDAMYCIN600MG@7857fe2]" started-at="2023-09-26T17:57:14Z" name="preCondition" finished-at="2023-09-26T17:57:28Z" duration-ms="13736" status="PASS">
          <params>
            <param index="0">
              <value>
                <![CDATA[https://www.1mg.com/]]>
              </value>
            </param>
          </params>
          <reporter-output>
          </reporter-output>
        </test-method> <!-- preCondition -->
        <test-method signature="runTests()[pri:0, instance:com.leaftaps.testcases.OneMg_CLINDAMYCIN600MG@7857fe2]" started-at="2023-09-26T17:57:28Z" name="runTests" finished-at="2023-09-26T18:17:34Z" duration-ms="1206610" status="PASS">
          <reporter-output>
          </reporter-output>
        </test-method> <!-- runTests -->
        <test-method is-config="true" signature="postCondition()[pri:0, instance:com.leaftaps.testcases.OneMg_CLINDAMYCIN600MG@7857fe2]" started-at="2023-09-26T18:17:34Z" name="postCondition" finished-at="2023-09-26T18:17:40Z" duration-ms="5263" status="PASS">
          <reporter-output>
          </reporter-output>
        </test-method> <!-- postCondition -->
        <test-method is-config="true" signature="updateResult()[pri:0, instance:com.leaftaps.testcases.OneMg_CLINDAMYCIN600MG@7857fe2]" started-at="2023-09-26T18:17:40Z" name="updateResult" finished-at="2023-09-26T18:17:40Z" duration-ms="51" status="PASS">
          <reporter-output>
          </reporter-output>
        </test-method> <!-- updateResult -->
        <test-method is-config="true" signature="tearDownClass()[pri:0, instance:com.leaftaps.testcases.OneMg_CLINDAMYCIN600MG@7857fe2]" started-at="2023-09-26T18:17:40Z" name="tearDownClass" finished-at="2023-09-26T18:17:40Z" duration-ms="0" status="PASS">
          <reporter-output>
          </reporter-output>
        </test-method> <!-- tearDownClass -->
        <test-method is-config="true" signature="endResult()[pri:0, instance:com.leaftaps.testcases.OneMg_CLINDAMYCIN600MG@7857fe2]" started-at="2023-09-26T18:22:13Z" name="endResult" finished-at="2023-09-26T18:22:13Z" duration-ms="67" status="PASS">
          <reporter-output>
          </reporter-output>
        </test-method> <!-- endResult -->
      </class> <!-- com.leaftaps.testcases.OneMg_CLINDAMYCIN600MG -->
      <class name="com.leaftaps.testcases.OneMg_LINEZOLID_600MG300ML">
        <test-method is-config="true" signature="setUpClass()[pri:0, instance:com.leaftaps.testcases.OneMg_LINEZOLID_600MG300ML@29d80d2b]" started-at="2023-09-26T17:57:14Z" name="setUpClass" finished-at="2023-09-26T17:57:14Z" duration-ms="288" status="PASS">
          <reporter-output>
          </reporter-output>
        </test-method> <!-- setUpClass -->
        <test-method is-config="true" signature="startTestCase()[pri:0, instance:com.leaftaps.testcases.OneMg_LINEZOLID_600MG300ML@29d80d2b]" started-at="2023-09-26T17:57:14Z" name="startTestCase" finished-at="2023-09-26T17:57:14Z" duration-ms="17" status="PASS">
          <reporter-output>
          </reporter-output>
        </test-method> <!-- startTestCase -->
        <test-method is-config="true" signature="preCondition(java.lang.String)[pri:0, instance:com.leaftaps.testcases.OneMg_LINEZOLID_600MG300ML@29d80d2b]" started-at="2023-09-26T17:57:14Z" name="preCondition" finished-at="2023-09-26T17:57:28Z" duration-ms="13553" status="PASS">
          <params>
            <param index="0">
              <value>
                <![CDATA[https://www.1mg.com/]]>
              </value>
            </param>
          </params>
          <reporter-output>
          </reporter-output>
        </test-method> <!-- preCondition -->
        <test-method signature="runTests()[pri:0, instance:com.leaftaps.testcases.OneMg_LINEZOLID_600MG300ML@29d80d2b]" started-at="2023-09-26T17:57:28Z" name="runTests" finished-at="2023-09-26T18:09:28Z" duration-ms="719995" status="PASS">
          <reporter-output>
          </reporter-output>
        </test-method> <!-- runTests -->
        <test-method is-config="true" signature="postCondition()[pri:0, instance:com.leaftaps.testcases.OneMg_LINEZOLID_600MG300ML@29d80d2b]" started-at="2023-09-26T18:09:28Z" name="postCondition" finished-at="2023-09-26T18:09:33Z" duration-ms="5354" status="PASS">
          <reporter-output>
          </reporter-output>
        </test-method> <!-- postCondition -->
        <test-method is-config="true" signature="updateResult()[pri:0, instance:com.leaftaps.testcases.OneMg_LINEZOLID_600MG300ML@29d80d2b]" started-at="2023-09-26T18:09:33Z" name="updateResult" finished-at="2023-09-26T18:09:33Z" duration-ms="67" status="PASS">
          <reporter-output>
          </reporter-output>
        </test-method> <!-- updateResult -->
        <test-method is-config="true" signature="tearDownClass()[pri:0, instance:com.leaftaps.testcases.OneMg_LINEZOLID_600MG300ML@29d80d2b]" started-at="2023-09-26T18:09:33Z" name="tearDownClass" finished-at="2023-09-26T18:09:33Z" duration-ms="0" status="PASS">
          <reporter-output>
          </reporter-output>
        </test-method> <!-- tearDownClass -->
      </class> <!-- com.leaftaps.testcases.OneMg_LINEZOLID_600MG300ML -->
    </test> <!-- Fetch Text From Websites -->
  </suite> <!-- Molecules -->
</testng-results>
